2025-06-22 15:23:46 [ERROR]: 加载缓存失败 {"error":"this.db.query is not a function"}
2025-06-22 15:24:04 [ERROR]: 浏览文件失败 {"shareId":"14","path":"/","error":"SQLITE_ERROR: no such table: shared_paths"}
2025-06-22 15:24:04 [ERROR]: 浏览文件失败 {"shareId":"14","path":"/","error":"SQLITE_ERROR: no such table: shared_paths"}
2025-06-22 15:24:11 [ERROR]: 浏览文件失败 {"shareId":"14","path":"/","error":"SQLITE_ERROR: no such table: shared_paths"}
2025-06-22 15:24:11 [ERROR]: 浏览文件失败 {"shareId":"14","path":"/","error":"SQLITE_ERROR: no such table: shared_paths"}
2025-06-22 15:24:19 [ERROR]: 获取启用分享路径失败: SQLITE_ERROR: no such table: shared_paths {"errno":1,"code":"SQLITE_ERROR","__augmented":true}
Error: SQLITE_ERROR: no such table: shared_paths
--> in Database#all('SELECT * FROM shared_paths WHERE enabled = 1 ORDER BY sort_order ASC, name ASC', [], [Function (anonymous)])
    at /Users/jackson/Documents/Code/Quick_FShare/backend/src/config/database.js:49:15
    at new Promise (<anonymous>)
    at DatabaseManager.all (/Users/jackson/Documents/Code/Quick_FShare/backend/src/config/database.js:48:12)
    at Share.findEnabled (/Users/jackson/Documents/Code/Quick_FShare/backend/src/models/Share.js:586:44)
    at /Users/jackson/Documents/Code/Quick_FShare/backend/src/controllers/shareController.js:253:32
    at /Users/jackson/Documents/Code/Quick_FShare/backend/src/middleware/errorHandler.js:229:25
    at Layer.handle [as handle_request] (/Users/jackson/Documents/Code/Quick_FShare/node_modules/express/lib/router/layer.js:95:5)
    at next (/Users/jackson/Documents/Code/Quick_FShare/node_modules/express/lib/router/route.js:149:13)
    at /Users/jackson/Documents/Code/Quick_FShare/node_modules/express-rate-limit/dist/index.cjs:659:7
2025-06-22 15:24:19 [ERROR]: 获取启用分享路径失败: SQLITE_ERROR: no such table: shared_paths {"errno":1,"code":"SQLITE_ERROR","__augmented":true}
Error: SQLITE_ERROR: no such table: shared_paths
--> in Database#all('SELECT * FROM shared_paths WHERE enabled = 1 ORDER BY sort_order ASC, name ASC', [], [Function (anonymous)])
    at /Users/jackson/Documents/Code/Quick_FShare/backend/src/config/database.js:49:15
    at new Promise (<anonymous>)
    at DatabaseManager.all (/Users/jackson/Documents/Code/Quick_FShare/backend/src/config/database.js:48:12)
    at Share.findEnabled (/Users/jackson/Documents/Code/Quick_FShare/backend/src/models/Share.js:586:44)
    at /Users/jackson/Documents/Code/Quick_FShare/backend/src/controllers/shareController.js:253:32
    at /Users/jackson/Documents/Code/Quick_FShare/backend/src/middleware/errorHandler.js:229:25
    at Layer.handle [as handle_request] (/Users/jackson/Documents/Code/Quick_FShare/node_modules/express/lib/router/layer.js:95:5)
    at next (/Users/jackson/Documents/Code/Quick_FShare/node_modules/express/lib/router/route.js:149:13)
    at /Users/jackson/Documents/Code/Quick_FShare/node_modules/express-rate-limit/dist/index.cjs:659:7
2025-06-22 15:24:25 [ERROR]: 登录过程中发生错误: SQLITE_ERROR: no such table: admins {"errno":1,"code":"SQLITE_ERROR","__augmented":true}
Error: SQLITE_ERROR: no such table: admins
--> in Database#get('SELECT id, username, password_hash, email, created_at, updated_at FROM admins WHERE username = ?', [ 'admin' ], [Function (anonymous)])
    at /Users/jackson/Documents/Code/Quick_FShare/backend/src/config/database.js:64:15
    at new Promise (<anonymous>)
    at DatabaseManager.get (/Users/jackson/Documents/Code/Quick_FShare/backend/src/config/database.js:63:12)
    at Admin.authenticate (/Users/jackson/Documents/Code/Quick_FShare/backend/src/models/Admin.js:107:43)
    at /Users/jackson/Documents/Code/Quick_FShare/backend/src/controllers/authController.js:15:31
    at /Users/jackson/Documents/Code/Quick_FShare/backend/src/middleware/errorHandler.js:229:25
    at Layer.handle [as handle_request] (/Users/jackson/Documents/Code/Quick_FShare/node_modules/express/lib/router/layer.js:95:5)
    at next (/Users/jackson/Documents/Code/Quick_FShare/node_modules/express/lib/router/route.js:149:13)
    at /Users/jackson/Documents/Code/Quick_FShare/backend/src/utils/validator.js:379:9
2025-06-22 15:24:40 [ERROR]: 登录过程中发生错误: SQLITE_ERROR: no such table: admins {"errno":1,"code":"SQLITE_ERROR","__augmented":true}
Error: SQLITE_ERROR: no such table: admins
--> in Database#get('SELECT id, username, password_hash, email, created_at, updated_at FROM admins WHERE username = ?', [ 'admin' ], [Function (anonymous)])
    at /Users/jackson/Documents/Code/Quick_FShare/backend/src/config/database.js:64:15
    at new Promise (<anonymous>)
    at DatabaseManager.get (/Users/jackson/Documents/Code/Quick_FShare/backend/src/config/database.js:63:12)
    at Admin.authenticate (/Users/jackson/Documents/Code/Quick_FShare/backend/src/models/Admin.js:107:43)
    at /Users/jackson/Documents/Code/Quick_FShare/backend/src/controllers/authController.js:15:31
    at /Users/jackson/Documents/Code/Quick_FShare/backend/src/middleware/errorHandler.js:229:25
    at Layer.handle [as handle_request] (/Users/jackson/Documents/Code/Quick_FShare/node_modules/express/lib/router/layer.js:95:5)
    at next (/Users/jackson/Documents/Code/Quick_FShare/node_modules/express/lib/router/route.js:149:13)
    at /Users/jackson/Documents/Code/Quick_FShare/backend/src/utils/validator.js:379:9
2025-06-22 15:26:44 [ERROR]: 获取启用分享路径失败: SQLITE_ERROR: no such table: shared_paths {"errno":1,"code":"SQLITE_ERROR","__augmented":true}
Error: SQLITE_ERROR: no such table: shared_paths
--> in Database#all('SELECT * FROM shared_paths WHERE enabled = 1 ORDER BY sort_order ASC, name ASC', [], [Function (anonymous)])
    at /Users/jackson/Documents/Code/Quick_FShare/backend/src/config/database.js:49:15
    at new Promise (<anonymous>)
    at DatabaseManager.all (/Users/jackson/Documents/Code/Quick_FShare/backend/src/config/database.js:48:12)
    at Share.findEnabled (/Users/jackson/Documents/Code/Quick_FShare/backend/src/models/Share.js:586:44)
    at /Users/jackson/Documents/Code/Quick_FShare/backend/src/controllers/shareController.js:253:32
    at /Users/jackson/Documents/Code/Quick_FShare/backend/src/middleware/errorHandler.js:229:25
    at Layer.handle [as handle_request] (/Users/jackson/Documents/Code/Quick_FShare/node_modules/express/lib/router/layer.js:95:5)
    at next (/Users/jackson/Documents/Code/Quick_FShare/node_modules/express/lib/router/route.js:149:13)
    at /Users/jackson/Documents/Code/Quick_FShare/node_modules/express-rate-limit/dist/index.cjs:659:7
2025-06-22 15:26:44 [ERROR]: 获取启用分享路径失败: SQLITE_ERROR: no such table: shared_paths {"errno":1,"code":"SQLITE_ERROR","__augmented":true}
Error: SQLITE_ERROR: no such table: shared_paths
--> in Database#all('SELECT * FROM shared_paths WHERE enabled = 1 ORDER BY sort_order ASC, name ASC', [], [Function (anonymous)])
    at /Users/jackson/Documents/Code/Quick_FShare/backend/src/config/database.js:49:15
    at new Promise (<anonymous>)
    at DatabaseManager.all (/Users/jackson/Documents/Code/Quick_FShare/backend/src/config/database.js:48:12)
    at Share.findEnabled (/Users/jackson/Documents/Code/Quick_FShare/backend/src/models/Share.js:586:44)
    at /Users/jackson/Documents/Code/Quick_FShare/backend/src/controllers/shareController.js:253:32
    at /Users/jackson/Documents/Code/Quick_FShare/backend/src/middleware/errorHandler.js:229:25
    at Layer.handle [as handle_request] (/Users/jackson/Documents/Code/Quick_FShare/node_modules/express/lib/router/layer.js:95:5)
    at next (/Users/jackson/Documents/Code/Quick_FShare/node_modules/express/lib/router/route.js:149:13)
    at /Users/jackson/Documents/Code/Quick_FShare/node_modules/express-rate-limit/dist/index.cjs:659:7
2025-06-22 15:27:00 [ERROR]: 获取启用分享路径失败: SQLITE_ERROR: no such table: shared_paths {"errno":1,"code":"SQLITE_ERROR","__augmented":true}
Error: SQLITE_ERROR: no such table: shared_paths
--> in Database#all('SELECT * FROM shared_paths WHERE enabled = 1 ORDER BY sort_order ASC, name ASC', [], [Function (anonymous)])
    at /Users/jackson/Documents/Code/Quick_FShare/backend/src/config/database.js:49:15
    at new Promise (<anonymous>)
    at DatabaseManager.all (/Users/jackson/Documents/Code/Quick_FShare/backend/src/config/database.js:48:12)
    at Share.findEnabled (/Users/jackson/Documents/Code/Quick_FShare/backend/src/models/Share.js:586:44)
    at /Users/jackson/Documents/Code/Quick_FShare/backend/src/controllers/shareController.js:253:32
    at /Users/jackson/Documents/Code/Quick_FShare/backend/src/middleware/errorHandler.js:229:25
    at Layer.handle [as handle_request] (/Users/jackson/Documents/Code/Quick_FShare/node_modules/express/lib/router/layer.js:95:5)
    at next (/Users/jackson/Documents/Code/Quick_FShare/node_modules/express/lib/router/route.js:149:13)
    at /Users/jackson/Documents/Code/Quick_FShare/node_modules/express-rate-limit/dist/index.cjs:659:7
2025-06-22 15:27:00 [ERROR]: 获取启用分享路径失败: SQLITE_ERROR: no such table: shared_paths {"errno":1,"code":"SQLITE_ERROR","__augmented":true}
Error: SQLITE_ERROR: no such table: shared_paths
--> in Database#all('SELECT * FROM shared_paths WHERE enabled = 1 ORDER BY sort_order ASC, name ASC', [], [Function (anonymous)])
    at /Users/jackson/Documents/Code/Quick_FShare/backend/src/config/database.js:49:15
    at new Promise (<anonymous>)
    at DatabaseManager.all (/Users/jackson/Documents/Code/Quick_FShare/backend/src/config/database.js:48:12)
    at Share.findEnabled (/Users/jackson/Documents/Code/Quick_FShare/backend/src/models/Share.js:586:44)
    at /Users/jackson/Documents/Code/Quick_FShare/backend/src/controllers/shareController.js:253:32
    at /Users/jackson/Documents/Code/Quick_FShare/backend/src/middleware/errorHandler.js:229:25
    at Layer.handle [as handle_request] (/Users/jackson/Documents/Code/Quick_FShare/node_modules/express/lib/router/layer.js:95:5)
    at next (/Users/jackson/Documents/Code/Quick_FShare/node_modules/express/lib/router/route.js:149:13)
    at /Users/jackson/Documents/Code/Quick_FShare/node_modules/express-rate-limit/dist/index.cjs:659:7
2025-06-22 15:27:02 [ERROR]: 获取启用分享路径失败: SQLITE_ERROR: no such table: shared_paths {"errno":1,"code":"SQLITE_ERROR","__augmented":true}
Error: SQLITE_ERROR: no such table: shared_paths
--> in Database#all('SELECT * FROM shared_paths WHERE enabled = 1 ORDER BY sort_order ASC, name ASC', [], [Function (anonymous)])
    at /Users/jackson/Documents/Code/Quick_FShare/backend/src/config/database.js:49:15
    at new Promise (<anonymous>)
    at DatabaseManager.all (/Users/jackson/Documents/Code/Quick_FShare/backend/src/config/database.js:48:12)
    at Share.findEnabled (/Users/jackson/Documents/Code/Quick_FShare/backend/src/models/Share.js:586:44)
    at /Users/jackson/Documents/Code/Quick_FShare/backend/src/controllers/shareController.js:253:32
    at /Users/jackson/Documents/Code/Quick_FShare/backend/src/middleware/errorHandler.js:229:25
    at Layer.handle [as handle_request] (/Users/jackson/Documents/Code/Quick_FShare/node_modules/express/lib/router/layer.js:95:5)
    at next (/Users/jackson/Documents/Code/Quick_FShare/node_modules/express/lib/router/route.js:149:13)
    at /Users/jackson/Documents/Code/Quick_FShare/node_modules/express-rate-limit/dist/index.cjs:659:7
2025-06-22 15:27:02 [ERROR]: 获取启用分享路径失败: SQLITE_ERROR: no such table: shared_paths {"errno":1,"code":"SQLITE_ERROR","__augmented":true}
Error: SQLITE_ERROR: no such table: shared_paths
--> in Database#all('SELECT * FROM shared_paths WHERE enabled = 1 ORDER BY sort_order ASC, name ASC', [], [Function (anonymous)])
    at /Users/jackson/Documents/Code/Quick_FShare/backend/src/config/database.js:49:15
    at new Promise (<anonymous>)
    at DatabaseManager.all (/Users/jackson/Documents/Code/Quick_FShare/backend/src/config/database.js:48:12)
    at Share.findEnabled (/Users/jackson/Documents/Code/Quick_FShare/backend/src/models/Share.js:586:44)
    at /Users/jackson/Documents/Code/Quick_FShare/backend/src/controllers/shareController.js:253:32
    at /Users/jackson/Documents/Code/Quick_FShare/backend/src/middleware/errorHandler.js:229:25
    at Layer.handle [as handle_request] (/Users/jackson/Documents/Code/Quick_FShare/node_modules/express/lib/router/layer.js:95:5)
    at next (/Users/jackson/Documents/Code/Quick_FShare/node_modules/express/lib/router/route.js:149:13)
    at /Users/jackson/Documents/Code/Quick_FShare/node_modules/express-rate-limit/dist/index.cjs:659:7
2025-06-22 15:29:08 [ERROR]: 获取启用分享路径失败: SQLITE_ERROR: no such table: shared_paths {"errno":1,"code":"SQLITE_ERROR","__augmented":true}
Error: SQLITE_ERROR: no such table: shared_paths
--> in Database#all('SELECT * FROM shared_paths WHERE enabled = 1 ORDER BY sort_order ASC, name ASC', [], [Function (anonymous)])
    at /Users/jackson/Documents/Code/Quick_FShare/backend/src/config/database.js:49:15
    at new Promise (<anonymous>)
    at DatabaseManager.all (/Users/jackson/Documents/Code/Quick_FShare/backend/src/config/database.js:48:12)
    at Share.findEnabled (/Users/jackson/Documents/Code/Quick_FShare/backend/src/models/Share.js:586:44)
    at /Users/jackson/Documents/Code/Quick_FShare/backend/src/controllers/shareController.js:253:32
    at /Users/jackson/Documents/Code/Quick_FShare/backend/src/middleware/errorHandler.js:229:25
    at Layer.handle [as handle_request] (/Users/jackson/Documents/Code/Quick_FShare/node_modules/express/lib/router/layer.js:95:5)
    at next (/Users/jackson/Documents/Code/Quick_FShare/node_modules/express/lib/router/route.js:149:13)
    at /Users/jackson/Documents/Code/Quick_FShare/node_modules/express-rate-limit/dist/index.cjs:659:7
2025-06-22 15:29:08 [ERROR]: 获取启用分享路径失败: SQLITE_ERROR: no such table: shared_paths {"errno":1,"code":"SQLITE_ERROR","__augmented":true}
Error: SQLITE_ERROR: no such table: shared_paths
--> in Database#all('SELECT * FROM shared_paths WHERE enabled = 1 ORDER BY sort_order ASC, name ASC', [], [Function (anonymous)])
    at /Users/jackson/Documents/Code/Quick_FShare/backend/src/config/database.js:49:15
    at new Promise (<anonymous>)
    at DatabaseManager.all (/Users/jackson/Documents/Code/Quick_FShare/backend/src/config/database.js:48:12)
    at Share.findEnabled (/Users/jackson/Documents/Code/Quick_FShare/backend/src/models/Share.js:586:44)
    at /Users/jackson/Documents/Code/Quick_FShare/backend/src/controllers/shareController.js:253:32
    at /Users/jackson/Documents/Code/Quick_FShare/backend/src/middleware/errorHandler.js:229:25
    at Layer.handle [as handle_request] (/Users/jackson/Documents/Code/Quick_FShare/node_modules/express/lib/router/layer.js:95:5)
    at next (/Users/jackson/Documents/Code/Quick_FShare/node_modules/express/lib/router/route.js:149:13)
    at /Users/jackson/Documents/Code/Quick_FShare/node_modules/express-rate-limit/dist/index.cjs:659:7
2025-06-22 15:29:32 [ERROR]: 获取启用分享路径失败: SQLITE_ERROR: no such table: shared_paths {"errno":1,"code":"SQLITE_ERROR","__augmented":true}
Error: SQLITE_ERROR: no such table: shared_paths
--> in Database#all('SELECT * FROM shared_paths WHERE enabled = 1 ORDER BY sort_order ASC, name ASC', [], [Function (anonymous)])
    at /Users/jackson/Documents/Code/Quick_FShare/backend/src/config/database.js:49:15
    at new Promise (<anonymous>)
    at DatabaseManager.all (/Users/jackson/Documents/Code/Quick_FShare/backend/src/config/database.js:48:12)
    at Share.findEnabled (/Users/jackson/Documents/Code/Quick_FShare/backend/src/models/Share.js:586:44)
    at /Users/jackson/Documents/Code/Quick_FShare/backend/src/controllers/shareController.js:253:32
    at /Users/jackson/Documents/Code/Quick_FShare/backend/src/middleware/errorHandler.js:229:25
    at Layer.handle [as handle_request] (/Users/jackson/Documents/Code/Quick_FShare/node_modules/express/lib/router/layer.js:95:5)
    at next (/Users/jackson/Documents/Code/Quick_FShare/node_modules/express/lib/router/route.js:149:13)
    at /Users/jackson/Documents/Code/Quick_FShare/node_modules/express-rate-limit/dist/index.cjs:659:7
2025-06-22 15:29:32 [ERROR]: 获取启用分享路径失败: SQLITE_ERROR: no such table: shared_paths {"errno":1,"code":"SQLITE_ERROR","__augmented":true}
Error: SQLITE_ERROR: no such table: shared_paths
--> in Database#all('SELECT * FROM shared_paths WHERE enabled = 1 ORDER BY sort_order ASC, name ASC', [], [Function (anonymous)])
    at /Users/jackson/Documents/Code/Quick_FShare/backend/src/config/database.js:49:15
    at new Promise (<anonymous>)
    at DatabaseManager.all (/Users/jackson/Documents/Code/Quick_FShare/backend/src/config/database.js:48:12)
    at Share.findEnabled (/Users/jackson/Documents/Code/Quick_FShare/backend/src/models/Share.js:586:44)
    at /Users/jackson/Documents/Code/Quick_FShare/backend/src/controllers/shareController.js:253:32
    at /Users/jackson/Documents/Code/Quick_FShare/backend/src/middleware/errorHandler.js:229:25
    at Layer.handle [as handle_request] (/Users/jackson/Documents/Code/Quick_FShare/node_modules/express/lib/router/layer.js:95:5)
    at next (/Users/jackson/Documents/Code/Quick_FShare/node_modules/express/lib/router/route.js:149:13)
    at /Users/jackson/Documents/Code/Quick_FShare/node_modules/express-rate-limit/dist/index.cjs:659:7
2025-06-22 15:31:00 [ERROR]: 获取启用分享路径失败: SQLITE_ERROR: no such table: shared_paths {"errno":1,"code":"SQLITE_ERROR","__augmented":true}
Error: SQLITE_ERROR: no such table: shared_paths
--> in Database#all('SELECT * FROM shared_paths WHERE enabled = 1 ORDER BY sort_order ASC, name ASC', [], [Function (anonymous)])
    at /Users/jackson/Documents/Code/Quick_FShare/backend/src/config/database.js:49:15
    at new Promise (<anonymous>)
    at DatabaseManager.all (/Users/jackson/Documents/Code/Quick_FShare/backend/src/config/database.js:48:12)
    at Share.findEnabled (/Users/jackson/Documents/Code/Quick_FShare/backend/src/models/Share.js:586:44)
    at /Users/jackson/Documents/Code/Quick_FShare/backend/src/controllers/shareController.js:253:32
    at /Users/jackson/Documents/Code/Quick_FShare/backend/src/middleware/errorHandler.js:229:25
    at Layer.handle [as handle_request] (/Users/jackson/Documents/Code/Quick_FShare/node_modules/express/lib/router/layer.js:95:5)
    at next (/Users/jackson/Documents/Code/Quick_FShare/node_modules/express/lib/router/route.js:149:13)
    at /Users/jackson/Documents/Code/Quick_FShare/node_modules/express-rate-limit/dist/index.cjs:659:7
2025-06-22 15:31:00 [ERROR]: 获取启用分享路径失败: SQLITE_ERROR: no such table: shared_paths {"errno":1,"code":"SQLITE_ERROR","__augmented":true}
Error: SQLITE_ERROR: no such table: shared_paths
--> in Database#all('SELECT * FROM shared_paths WHERE enabled = 1 ORDER BY sort_order ASC, name ASC', [], [Function (anonymous)])
    at /Users/jackson/Documents/Code/Quick_FShare/backend/src/config/database.js:49:15
    at new Promise (<anonymous>)
    at DatabaseManager.all (/Users/jackson/Documents/Code/Quick_FShare/backend/src/config/database.js:48:12)
    at Share.findEnabled (/Users/jackson/Documents/Code/Quick_FShare/backend/src/models/Share.js:586:44)
    at /Users/jackson/Documents/Code/Quick_FShare/backend/src/controllers/shareController.js:253:32
    at /Users/jackson/Documents/Code/Quick_FShare/backend/src/middleware/errorHandler.js:229:25
    at Layer.handle [as handle_request] (/Users/jackson/Documents/Code/Quick_FShare/node_modules/express/lib/router/layer.js:95:5)
    at next (/Users/jackson/Documents/Code/Quick_FShare/node_modules/express/lib/router/route.js:149:13)
    at /Users/jackson/Documents/Code/Quick_FShare/node_modules/express-rate-limit/dist/index.cjs:659:7
2025-06-22 15:32:26 [ERROR]: 获取启用分享路径失败: SQLITE_ERROR: no such table: shared_paths {"errno":1,"code":"SQLITE_ERROR","__augmented":true}
Error: SQLITE_ERROR: no such table: shared_paths
--> in Database#all('SELECT * FROM shared_paths WHERE enabled = 1 ORDER BY sort_order ASC, name ASC', [], [Function (anonymous)])
    at /Users/jackson/Documents/Code/Quick_FShare/backend/src/config/database.js:49:15
    at new Promise (<anonymous>)
    at DatabaseManager.all (/Users/jackson/Documents/Code/Quick_FShare/backend/src/config/database.js:48:12)
    at Share.findEnabled (/Users/jackson/Documents/Code/Quick_FShare/backend/src/models/Share.js:586:44)
    at /Users/jackson/Documents/Code/Quick_FShare/backend/src/controllers/shareController.js:253:32
    at /Users/jackson/Documents/Code/Quick_FShare/backend/src/middleware/errorHandler.js:229:25
    at Layer.handle [as handle_request] (/Users/jackson/Documents/Code/Quick_FShare/node_modules/express/lib/router/layer.js:95:5)
    at next (/Users/jackson/Documents/Code/Quick_FShare/node_modules/express/lib/router/route.js:149:13)
    at /Users/jackson/Documents/Code/Quick_FShare/node_modules/express-rate-limit/dist/index.cjs:659:7
2025-06-22 15:32:26 [ERROR]: 获取启用分享路径失败: SQLITE_ERROR: no such table: shared_paths {"errno":1,"code":"SQLITE_ERROR","__augmented":true}
Error: SQLITE_ERROR: no such table: shared_paths
--> in Database#all('SELECT * FROM shared_paths WHERE enabled = 1 ORDER BY sort_order ASC, name ASC', [], [Function (anonymous)])
    at /Users/jackson/Documents/Code/Quick_FShare/backend/src/config/database.js:49:15
    at new Promise (<anonymous>)
    at DatabaseManager.all (/Users/jackson/Documents/Code/Quick_FShare/backend/src/config/database.js:48:12)
    at Share.findEnabled (/Users/jackson/Documents/Code/Quick_FShare/backend/src/models/Share.js:586:44)
    at /Users/jackson/Documents/Code/Quick_FShare/backend/src/controllers/shareController.js:253:32
    at /Users/jackson/Documents/Code/Quick_FShare/backend/src/middleware/errorHandler.js:229:25
    at Layer.handle [as handle_request] (/Users/jackson/Documents/Code/Quick_FShare/node_modules/express/lib/router/layer.js:95:5)
    at next (/Users/jackson/Documents/Code/Quick_FShare/node_modules/express/lib/router/route.js:149:13)
    at /Users/jackson/Documents/Code/Quick_FShare/node_modules/express-rate-limit/dist/index.cjs:659:7
2025-06-22 15:34:34 [ERROR]: 获取启用分享路径失败: SQLITE_ERROR: no such table: shared_paths {"errno":1,"code":"SQLITE_ERROR","__augmented":true}
Error: SQLITE_ERROR: no such table: shared_paths
--> in Database#all('SELECT * FROM shared_paths WHERE enabled = 1 ORDER BY sort_order ASC, name ASC', [], [Function (anonymous)])
    at /Users/jackson/Documents/Code/Quick_FShare/backend/src/config/database.js:49:15
    at new Promise (<anonymous>)
    at DatabaseManager.all (/Users/jackson/Documents/Code/Quick_FShare/backend/src/config/database.js:48:12)
    at Share.findEnabled (/Users/jackson/Documents/Code/Quick_FShare/backend/src/models/Share.js:586:44)
    at /Users/jackson/Documents/Code/Quick_FShare/backend/src/controllers/shareController.js:253:32
    at /Users/jackson/Documents/Code/Quick_FShare/backend/src/middleware/errorHandler.js:229:25
    at Layer.handle [as handle_request] (/Users/jackson/Documents/Code/Quick_FShare/node_modules/express/lib/router/layer.js:95:5)
    at next (/Users/jackson/Documents/Code/Quick_FShare/node_modules/express/lib/router/route.js:149:13)
    at /Users/jackson/Documents/Code/Quick_FShare/node_modules/express-rate-limit/dist/index.cjs:659:7
2025-06-22 15:34:34 [ERROR]: 获取启用分享路径失败: SQLITE_ERROR: no such table: shared_paths {"errno":1,"code":"SQLITE_ERROR","__augmented":true}
Error: SQLITE_ERROR: no such table: shared_paths
--> in Database#all('SELECT * FROM shared_paths WHERE enabled = 1 ORDER BY sort_order ASC, name ASC', [], [Function (anonymous)])
    at /Users/jackson/Documents/Code/Quick_FShare/backend/src/config/database.js:49:15
    at new Promise (<anonymous>)
    at DatabaseManager.all (/Users/jackson/Documents/Code/Quick_FShare/backend/src/config/database.js:48:12)
    at Share.findEnabled (/Users/jackson/Documents/Code/Quick_FShare/backend/src/models/Share.js:586:44)
    at /Users/jackson/Documents/Code/Quick_FShare/backend/src/controllers/shareController.js:253:32
    at /Users/jackson/Documents/Code/Quick_FShare/backend/src/middleware/errorHandler.js:229:25
    at Layer.handle [as handle_request] (/Users/jackson/Documents/Code/Quick_FShare/node_modules/express/lib/router/layer.js:95:5)
    at next (/Users/jackson/Documents/Code/Quick_FShare/node_modules/express/lib/router/route.js:149:13)
    at /Users/jackson/Documents/Code/Quick_FShare/node_modules/express-rate-limit/dist/index.cjs:659:7
2025-06-22 15:37:54 [ERROR]: 加载缓存失败 {"error":"this.db.query is not a function"}
2025-06-22 15:53:08 [ERROR]: 登录过程中发生错误: SQLITE_ERROR: no such table: admins {"errno":1,"code":"SQLITE_ERROR","__augmented":true}
Error: SQLITE_ERROR: no such table: admins
--> in Database#get('SELECT id, username, password_hash, email, created_at, updated_at FROM admins WHERE username = ?', [ 'admin' ], [Function (anonymous)])
    at /Users/jackson/Documents/Code/Quick_FShare/backend/src/config/database.js:64:15
    at new Promise (<anonymous>)
    at DatabaseManager.get (/Users/jackson/Documents/Code/Quick_FShare/backend/src/config/database.js:63:12)
    at Admin.authenticate (/Users/jackson/Documents/Code/Quick_FShare/backend/src/models/Admin.js:107:43)
    at /Users/jackson/Documents/Code/Quick_FShare/backend/src/controllers/authController.js:15:31
    at /Users/jackson/Documents/Code/Quick_FShare/backend/src/middleware/errorHandler.js:229:25
    at Layer.handle [as handle_request] (/Users/jackson/Documents/Code/Quick_FShare/node_modules/express/lib/router/layer.js:95:5)
    at next (/Users/jackson/Documents/Code/Quick_FShare/node_modules/express/lib/router/route.js:149:13)
    at /Users/jackson/Documents/Code/Quick_FShare/backend/src/utils/validator.js:379:9
2025-06-22 15:53:27 [ERROR]: 登录过程中发生错误: SQLITE_ERROR: no such table: admins {"errno":1,"code":"SQLITE_ERROR","__augmented":true}
Error: SQLITE_ERROR: no such table: admins
--> in Database#get('SELECT id, username, password_hash, email, created_at, updated_at FROM admins WHERE username = ?', [ 'admin' ], [Function (anonymous)])
    at /Users/jackson/Documents/Code/Quick_FShare/backend/src/config/database.js:64:15
    at new Promise (<anonymous>)
    at DatabaseManager.get (/Users/jackson/Documents/Code/Quick_FShare/backend/src/config/database.js:63:12)
    at Admin.authenticate (/Users/jackson/Documents/Code/Quick_FShare/backend/src/models/Admin.js:107:43)
    at /Users/jackson/Documents/Code/Quick_FShare/backend/src/controllers/authController.js:15:31
    at /Users/jackson/Documents/Code/Quick_FShare/backend/src/middleware/errorHandler.js:229:25
    at Layer.handle [as handle_request] (/Users/jackson/Documents/Code/Quick_FShare/node_modules/express/lib/router/layer.js:95:5)
    at next (/Users/jackson/Documents/Code/Quick_FShare/node_modules/express/lib/router/route.js:149:13)
    at /Users/jackson/Documents/Code/Quick_FShare/backend/src/utils/validator.js:379:9
2025-06-22 15:54:16 [ERROR]: 登录过程中发生错误: SQLITE_ERROR: no such table: admins {"errno":1,"code":"SQLITE_ERROR","__augmented":true}
Error: SQLITE_ERROR: no such table: admins
--> in Database#get('SELECT id, username, password_hash, email, created_at, updated_at FROM admins WHERE username = ?', [ 'admin' ], [Function (anonymous)])
    at /Users/jackson/Documents/Code/Quick_FShare/backend/src/config/database.js:64:15
    at new Promise (<anonymous>)
    at DatabaseManager.get (/Users/jackson/Documents/Code/Quick_FShare/backend/src/config/database.js:63:12)
    at Admin.authenticate (/Users/jackson/Documents/Code/Quick_FShare/backend/src/models/Admin.js:107:43)
    at /Users/jackson/Documents/Code/Quick_FShare/backend/src/controllers/authController.js:15:31
    at /Users/jackson/Documents/Code/Quick_FShare/backend/src/middleware/errorHandler.js:229:25
    at Layer.handle [as handle_request] (/Users/jackson/Documents/Code/Quick_FShare/node_modules/express/lib/router/layer.js:95:5)
    at next (/Users/jackson/Documents/Code/Quick_FShare/node_modules/express/lib/router/route.js:149:13)
    at /Users/jackson/Documents/Code/Quick_FShare/backend/src/utils/validator.js:379:9
2025-06-22 15:55:40 [ERROR]: 加载缓存失败 {"error":"this.db.query is not a function"}
2025-06-22 15:57:36 [ERROR]: 浏览文件失败 {"shareId":"4","path":"/","error":"smb2Client is not defined"}
2025-06-22 15:57:36 [ERROR]: 浏览文件失败 {"shareId":"4","path":"/","error":"smb2Client is not defined"}
2025-06-22 15:57:53 [ERROR]: 浏览文件失败 {"shareId":"4","path":"/","error":"smb2Client is not defined"}
2025-06-22 15:57:53 [ERROR]: 浏览文件失败 {"shareId":"4","path":"/","error":"smb2Client is not defined"}
2025-06-22 15:58:27 [ERROR]: 浏览文件失败 {"shareId":"4","path":"/","error":"smb2Client is not defined"}
2025-06-22 15:58:27 [ERROR]: 浏览文件失败 {"shareId":"4","path":"/","error":"smb2Client is not defined"}
2025-06-22 16:00:10 [ERROR]: 加载缓存失败 {"error":"this.db.query is not a function"}
2025-06-22 16:00:11 [ERROR]: 加载缓存失败 {"error":"this.db.query is not a function"}
2025-06-22 16:00:34 [ERROR]: 加载缓存失败 {"error":"this.db.query is not a function"}
2025-06-22 16:00:34 [ERROR]: 加载缓存失败 {"error":"this.db.query is not a function"}
2025-06-22 16:00:56 [ERROR]: 加载缓存失败 {"error":"this.db.query is not a function"}
2025-06-22 16:00:57 [ERROR]: 加载缓存失败 {"error":"this.db.query is not a function"}
2025-06-22 16:01:01 [ERROR]: 浏览SMB目录失败 {"remotePath":"/","error":"SMB错误: STATUS_LOGON_FAILURE (0xC000006D) : The attempted logon is invalid. This is either due to a bad username or authentication information."}
2025-06-22 16:01:01 [ERROR]: 浏览文件失败 {"shareId":"4","path":"/","error":"无法浏览SMB目录: SMB错误: STATUS_LOGON_FAILURE (0xC000006D) : The attempted logon is invalid. This is either due to a bad username or authentication information."}
2025-06-22 16:01:01 [ERROR]: 浏览SMB目录失败 {"remotePath":"/","error":"SMB错误: STATUS_LOGON_FAILURE (0xC000006D) : The attempted logon is invalid. This is either due to a bad username or authentication information."}
2025-06-22 16:01:01 [ERROR]: 浏览文件失败 {"shareId":"4","path":"/","error":"无法浏览SMB目录: SMB错误: STATUS_LOGON_FAILURE (0xC000006D) : The attempted logon is invalid. This is either due to a bad username or authentication information."}
2025-06-22 16:01:32 [ERROR]: 加载缓存失败 {"error":"this.db.query is not a function"}
2025-06-22 16:01:32 [ERROR]: 加载缓存失败 {"error":"this.db.query is not a function"}
2025-06-22 16:01:57 [ERROR]: 加载缓存失败 {"error":"this.db.query is not a function"}
2025-06-22 16:02:09 [ERROR]: 浏览SMB目录失败 {"remotePath":"/","error":"SMB错误: STATUS_LOGON_FAILURE (0xC000006D) : The attempted logon is invalid. This is either due to a bad username or authentication information."}
2025-06-22 16:02:09 [ERROR]: 浏览文件失败 {"shareId":"4","path":"/","error":"无法浏览SMB目录: SMB错误: STATUS_LOGON_FAILURE (0xC000006D) : The attempted logon is invalid. This is either due to a bad username or authentication information."}
2025-06-22 16:02:09 [ERROR]: 浏览SMB目录失败 {"remotePath":"/","error":"SMB错误: STATUS_LOGON_FAILURE (0xC000006D) : The attempted logon is invalid. This is either due to a bad username or authentication information."}
2025-06-22 16:02:09 [ERROR]: 浏览文件失败 {"shareId":"4","path":"/","error":"无法浏览SMB目录: SMB错误: STATUS_LOGON_FAILURE (0xC000006D) : The attempted logon is invalid. This is either due to a bad username or authentication information."}
2025-06-22 16:03:42 [ERROR]: 浏览SMB目录失败 {"remotePath":"/图片","error":"SMB错误: STATUS_INVALID_PARAMETER (0xC000000D) : An invalid parameter was passed to a service or function."}
2025-06-22 16:03:42 [ERROR]: 浏览文件失败 {"shareId":"4","path":"/图片","error":"无法浏览SMB目录: SMB错误: STATUS_INVALID_PARAMETER (0xC000000D) : An invalid parameter was passed to a service or function."}
2025-06-22 16:03:44 [ERROR]: 浏览SMB目录失败 {"remotePath":"/临时文件","error":"SMB错误: STATUS_INVALID_PARAMETER (0xC000000D) : An invalid parameter was passed to a service or function."}
2025-06-22 16:03:44 [ERROR]: 浏览文件失败 {"shareId":"4","path":"/临时文件","error":"无法浏览SMB目录: SMB错误: STATUS_INVALID_PARAMETER (0xC000000D) : An invalid parameter was passed to a service or function."}
2025-06-22 16:04:01 [ERROR]: 浏览SMB目录失败 {"remotePath":"/创作相关","error":"SMB错误: STATUS_INVALID_PARAMETER (0xC000000D) : An invalid parameter was passed to a service or function."}
2025-06-22 16:04:01 [ERROR]: 浏览文件失败 {"shareId":"4","path":"/创作相关","error":"无法浏览SMB目录: SMB错误: STATUS_INVALID_PARAMETER (0xC000000D) : An invalid parameter was passed to a service or function."}
2025-06-22 16:05:25 [ERROR]: 浏览SMB目录失败 {"remotePath":"/公司文档","error":"SMB错误: STATUS_INVALID_PARAMETER (0xC000000D) : An invalid parameter was passed to a service or function."}
2025-06-22 16:05:25 [ERROR]: 浏览文件失败 {"shareId":"4","path":"/公司文档","error":"无法浏览SMB目录: SMB错误: STATUS_INVALID_PARAMETER (0xC000000D) : An invalid parameter was passed to a service or function."}
2025-06-22 16:05:47 [ERROR]: 加载缓存失败 {"error":"this.db.query is not a function"}
2025-06-22 16:05:48 [ERROR]: 加载缓存失败 {"error":"this.db.query is not a function"}
2025-06-22 16:06:12 [ERROR]: 加载缓存失败 {"error":"this.db.query is not a function"}
2025-06-22 16:06:13 [ERROR]: 加载缓存失败 {"error":"this.db.query is not a function"}
2025-06-22 16:06:24 [ERROR]: 加载缓存失败 {"error":"this.db.query is not a function"}
2025-06-22 16:06:25 [ERROR]: 加载缓存失败 {"error":"this.db.query is not a function"}
2025-06-22 16:06:50 [ERROR]: 加载缓存失败 {"error":"this.db.query is not a function"}
2025-06-22 16:06:51 [ERROR]: 加载缓存失败 {"error":"this.db.query is not a function"}
2025-06-22 16:07:01 [ERROR]: 加载缓存失败 {"error":"this.db.query is not a function"}
2025-06-22 16:07:02 [ERROR]: 加载缓存失败 {"error":"this.db.query is not a function"}
2025-06-22 16:07:11 [ERROR]: 加载缓存失败 {"error":"this.db.query is not a function"}
2025-06-22 16:07:12 [ERROR]: 加载缓存失败 {"error":"this.db.query is not a function"}
2025-06-22 16:07:24 [ERROR]: 加载缓存失败 {"error":"this.db.query is not a function"}
2025-06-22 16:10:44 [ERROR]: SMB读取流错误 {"error":"STATUS_FILE_CLOSED (0xC0000128) : An I/O request other than close and several other special case operations was attempted using a file object that had already been closed."}
2025-06-22 16:10:44 [ERROR]: 文件流错误 {"shareId":"4","filePath":"图片/截图/IMG_0007.jpeg","error":"STATUS_FILE_CLOSED (0xC0000128) : An I/O request other than close and several other special case operations was attempted using a file object that had already been closed."}
2025-06-22 16:11:38 [ERROR]: 加载缓存失败 {"error":"this.db.query is not a function"}
2025-06-22 16:11:38 [ERROR]: 加载缓存失败 {"error":"this.db.query is not a function"}
2025-06-22 16:11:39 [ERROR]: 加载缓存失败 {"error":"this.db.query is not a function"}
2025-06-22 16:11:39 [ERROR]: 加载缓存失败 {"error":"this.db.query is not a function"}
2025-06-22 16:12:15 [ERROR]: 加载缓存失败 {"error":"this.db.query is not a function"}
2025-06-22 16:12:15 [ERROR]: 加载缓存失败 {"error":"this.db.query is not a function"}
2025-06-22 16:12:16 [ERROR]: 加载缓存失败 {"error":"this.db.query is not a function"}
2025-06-22 16:12:16 [ERROR]: 加载缓存失败 {"error":"this.db.query is not a function"}
2025-06-22 16:12:33 [ERROR]: 加载缓存失败 {"error":"this.db.query is not a function"}
2025-06-22 16:12:33 [ERROR]: 加载缓存失败 {"error":"this.db.query is not a function"}
2025-06-22 16:12:33 [ERROR]: 加载缓存失败 {"error":"this.db.query is not a function"}
2025-06-22 16:12:33 [ERROR]: 加载缓存失败 {"error":"this.db.query is not a function"}
2025-06-22 16:14:54 [ERROR]: 加载缓存失败 {"error":"this.db.query is not a function"}
2025-06-22 16:17:32 [ERROR]: 加载缓存失败 {"error":"this.db.query is not a function"}
2025-06-22 16:19:14 [ERROR]: 加载缓存失败 {"error":"this.db.query is not a function"}
2025-06-22 16:19:15 [ERROR]: 加载缓存失败 {"error":"this.db.query is not a function"}
2025-06-22 16:19:32 [ERROR]: 加载缓存失败 {"error":"this.db.query is not a function"}
2025-06-22 16:22:51 [ERROR]: 加载缓存失败 {"error":"this.db.query is not a function"}
2025-06-22 16:22:54 [ERROR]: 加载缓存失败 {"error":"this.db.query is not a function"}
2025-06-22 16:22:55 [ERROR]: 加载缓存失败 {"error":"this.db.query is not a function"}
2025-06-22 16:23:17 [ERROR]: 加载缓存失败 {"error":"this.db.query is not a function"}
2025-06-22 16:23:18 [ERROR]: 加载缓存失败 {"error":"this.db.query is not a function"}
2025-06-22 16:23:34 [ERROR]: 加载缓存失败 {"error":"this.db.query is not a function"}
2025-06-22 16:23:35 [ERROR]: 加载缓存失败 {"error":"this.db.query is not a function"}
2025-06-22 16:23:47 [ERROR]: 加载缓存失败 {"error":"this.db.query is not a function"}
2025-06-22 16:23:48 [ERROR]: 加载缓存失败 {"error":"this.db.query is not a function"}
2025-06-22 16:23:58 [ERROR]: 加载缓存失败 {"error":"this.db.query is not a function"}
2025-06-22 16:23:59 [ERROR]: 加载缓存失败 {"error":"this.db.query is not a function"}
2025-06-22 16:27:12 [ERROR]: 加载缓存失败 {"error":"this.db.query is not a function"}
2025-06-22 16:34:40 [ERROR]: 加载缓存失败 {"error":"this.db.query is not a function"}
2025-06-22 16:38:16 [ERROR]: 加载缓存失败 {"error":"this.db.query is not a function"}
2025-06-22 16:38:17 [ERROR]: 加载缓存失败 {"error":"this.db.query is not a function"}
2025-06-22 16:38:30 [ERROR]: 加载缓存失败 {"error":"this.db.query is not a function"}
2025-06-22 16:38:32 [ERROR]: 加载缓存失败 {"error":"this.db.query is not a function"}
2025-06-22 16:38:53 [ERROR]: 加载缓存失败 {"error":"this.db.query is not a function"}
2025-06-22 16:38:54 [ERROR]: 加载缓存失败 {"error":"this.db.query is not a function"}
2025-06-22 16:39:04 [ERROR]: 加载缓存失败 {"error":"this.db.query is not a function"}
2025-06-22 16:39:06 [ERROR]: 加载缓存失败 {"error":"this.db.query is not a function"}
2025-06-22 16:39:15 [ERROR]: 加载缓存失败 {"error":"this.db.query is not a function"}
2025-06-22 16:39:16 [ERROR]: 加载缓存失败 {"error":"this.db.query is not a function"}
2025-06-22 16:39:32 [ERROR]: 加载缓存失败 {"error":"this.db.query is not a function"}
2025-06-22 16:39:33 [ERROR]: 加载缓存失败 {"error":"this.db.query is not a function"}
2025-06-22 16:40:35 [ERROR]: 加载缓存失败 {"error":"this.db.query is not a function"}
2025-06-22 16:40:36 [ERROR]: 加载缓存失败 {"error":"this.db.query is not a function"}
2025-06-22 16:40:47 [ERROR]: 加载缓存失败 {"error":"this.db.query is not a function"}
2025-06-22 16:40:48 [ERROR]: 加载缓存失败 {"error":"this.db.query is not a function"}
2025-06-22 16:44:06 [ERROR]: 加载缓存失败 {"error":"this.db.query is not a function"}
2025-06-22 16:44:07 [ERROR]: 加载缓存失败 {"error":"this.db.query is not a function"}
2025-06-22 16:44:14 [ERROR]: 加载缓存失败 {"error":"this.db.query is not a function"}
2025-06-22 16:44:16 [ERROR]: 获取搜索索引状态失败 {"shareId":"4","error":"getSearchIndexService is not a function"}
2025-06-22 16:44:20 [ERROR]: 加载缓存失败 {"error":"this.db.query is not a function"}
2025-06-22 16:44:20 [ERROR]: 搜索文件失败 {"shareId":"4","query":"东岳","error":"Unexpected identifier 'buildSearchIndex'"}
2025-06-22 16:44:28 [ERROR]: 加载缓存失败 {"error":"this.db.query is not a function"}
2025-06-22 16:46:42 [ERROR]: 加载缓存失败 {"error":"this.db.query is not a function"}
2025-06-22 16:46:44 [ERROR]: 加载缓存失败 {"error":"this.db.query is not a function"}
2025-06-22 16:46:44 [ERROR]: 加载缓存失败 {"error":"this.db.query is not a function"}
2025-06-22 16:46:56 [ERROR]: 加载缓存失败 {"error":"this.db.query is not a function"}
2025-06-22 16:50:27 [ERROR]: 加载缓存失败 {"error":"this.db.query is not a function"}
2025-06-22 16:51:30 [ERROR]: 加载缓存失败 {"error":"this.db.query is not a function"}
2025-06-22 16:51:31 [ERROR]: 加载缓存失败 {"error":"this.db.query is not a function"}
2025-06-22 16:51:44 [ERROR]: 加载缓存失败 {"error":"this.db.query is not a function"}
2025-06-22 16:51:45 [ERROR]: 加载缓存失败 {"error":"this.db.query is not a function"}
2025-06-22 16:52:08 [ERROR]: 加载缓存失败 {"error":"this.db.query is not a function"}
2025-06-22 17:05:03 [ERROR]: 加载缓存失败 {"error":"this.db.query is not a function"}
2025-06-22 18:16:09 [ERROR]: 记录访问日志失败 {"error":"SQLITE_CONSTRAINT: CHECK constraint failed: action IN ('browse', 'download', 'thumbnail', 'access')"}
2025-06-22 18:22:33 [ERROR]: 加载缓存失败 {"error":"this.db.query is not a function"}
2025-06-22 18:24:58 [ERROR]: 加载缓存失败 {"error":"this.db.query is not a function"}
2025-06-22 18:24:59 [ERROR]: 加载缓存失败 {"error":"this.db.query is not a function"}
2025-06-22 18:25:19 [ERROR]: 加载缓存失败 {"error":"this.db.query is not a function"}
2025-06-22 18:25:21 [ERROR]: 加载缓存失败 {"error":"this.db.query is not a function"}
2025-06-22 18:25:30 [ERROR]: 加载缓存失败 {"error":"this.db.query is not a function"}
2025-06-22 18:25:32 [ERROR]: 加载缓存失败 {"error":"this.db.query is not a function"}
2025-06-22 18:25:45 [ERROR]: 加载缓存失败 {"error":"this.db.query is not a function"}
2025-06-22 18:25:46 [ERROR]: 加载缓存失败 {"error":"this.db.query is not a function"}
2025-06-22 18:25:58 [ERROR]: 加载缓存失败 {"error":"this.db.query is not a function"}
2025-06-22 18:26:00 [ERROR]: 加载缓存失败 {"error":"this.db.query is not a function"}
2025-06-22 18:26:22 [ERROR]: 加载缓存失败 {"error":"this.db.query is not a function"}
2025-06-22 18:26:23 [ERROR]: 加载缓存失败 {"error":"this.db.query is not a function"}
2025-06-22 18:26:46 [ERROR]: 加载缓存失败 {"error":"this.db.query is not a function"}
2025-06-22 18:46:00 [ERROR]: 保存索引到磁盘失败 {"shareId":"4","error":"ENOENT: no such file or directory, rename '/Users/jackson/Documents/Code/Quick_FShare/data/search-indexes/share_4.json.tmp' -> '/Users/jackson/Documents/Code/Quick_FShare/data/search-indexes/share_4.json'"}
2025-06-22 18:46:00 [ERROR]: 构建搜索索引失败 {"shareId":"4","error":"ENOENT: no such file or directory, rename '/Users/jackson/Documents/Code/Quick_FShare/data/search-indexes/share_4.json.tmp' -> '/Users/jackson/Documents/Code/Quick_FShare/data/search-indexes/share_4.json'"}
2025-06-22 18:46:00 [ERROR]: 搜索文件失败 {"shareId":"4","query":"东岳","error":"ENOENT: no such file or directory, rename '/Users/jackson/Documents/Code/Quick_FShare/data/search-indexes/share_4.json.tmp' -> '/Users/jackson/Documents/Code/Quick_FShare/data/search-indexes/share_4.json'"}
2025-06-22 18:46:00 [ERROR]: 搜索文件失败 {"shareId":"4","query":"东岳","error":"ENOENT: no such file or directory, rename '/Users/jackson/Documents/Code/Quick_FShare/data/search-indexes/share_4.json.tmp' -> '/Users/jackson/Documents/Code/Quick_FShare/data/search-indexes/share_4.json'"}
2025-06-22 18:46:30 [ERROR]: 记录访问日志失败 {"error":"SQLITE_CONSTRAINT: CHECK constraint failed: action IN ('browse', 'download', 'thumbnail', 'access')"}
2025-06-22 18:47:57 [ERROR]: 记录访问日志失败 {"error":"SQLITE_CONSTRAINT: CHECK constraint failed: action IN ('browse', 'download', 'thumbnail', 'access')"}
2025-06-22 18:48:21 [ERROR]: 加载缓存失败 {"error":"this.db.query is not a function"}
2025-06-22 18:49:50 [ERROR]: 加载缓存失败 {"error":"this.db.query is not a function"}
2025-06-22 18:49:51 [ERROR]: 加载缓存失败 {"error":"this.db.query is not a function"}
2025-06-22 18:50:05 [ERROR]: 加载缓存失败 {"error":"this.db.query is not a function"}
2025-06-22 18:50:06 [ERROR]: 加载缓存失败 {"error":"this.db.query is not a function"}
2025-06-22 18:50:24 [ERROR]: 加载缓存失败 {"error":"this.db.query is not a function"}
2025-06-22 18:50:45 [ERROR]: 加载缓存失败 {"error":"this.db.query is not a function"}
2025-06-22 20:14:20 [ERROR]: 加载缓存失败 {"error":"this.db.query is not a function"}
2025-06-22 20:47:58 [ERROR]: 加载缓存失败 {"error":"this.db.query is not a function"}
2025-06-22 20:48:23 [ERROR]: 加载缓存失败 {"error":"this.db.query is not a function"}
2025-06-22 20:49:25 [ERROR]: 加载缓存失败 {"error":"this.db.query is not a function"}
2025-06-22 20:49:38 [ERROR]: 加载缓存失败 {"error":"this.db.query is not a function"}
2025-06-22 20:49:40 [ERROR]: 加载缓存失败 {"error":"this.db.query is not a function"}
2025-06-22 20:50:59 [ERROR]: 加载缓存失败 {"error":"this.db.query is not a function"}
2025-06-22 20:51:25 [ERROR]: 加载缓存失败 {"error":"this.db.query is not a function"}
2025-06-22 20:51:26 [ERROR]: 加载缓存失败 {"error":"this.db.query is not a function"}
2025-06-22 20:52:32 [ERROR]: 加载缓存失败 {"error":"this.db.query is not a function"}
2025-06-22 20:54:43 [ERROR]: 加载缓存失败 {"error":"this.db.query is not a function"}
2025-06-22 20:54:45 [ERROR]: 加载缓存失败 {"error":"this.db.query is not a function"}
2025-06-22 20:54:45 [ERROR]: 加载缓存失败 {"error":"this.db.query is not a function"}
2025-06-22 20:59:56 [ERROR]: 加载缓存失败 {"error":"this.db.query is not a function"}
2025-06-22 20:59:58 [ERROR]: 加载缓存失败 {"error":"this.db.query is not a function"}
2025-06-22 21:00:24 [ERROR]: 加载缓存失败 {"error":"this.db.query is not a function"}
2025-06-22 21:00:27 [ERROR]: 加载缓存失败 {"error":"this.db.query is not a function"}
2025-06-22 21:00:38 [ERROR]: 加载缓存失败 {"error":"this.db.query is not a function"}
2025-06-22 21:00:39 [ERROR]: 加载缓存失败 {"error":"this.db.query is not a function"}
2025-06-22 21:06:19 [ERROR]: 浏览SMB目录失败 {"remotePath":"/","error":"SMB错误: STATUS_LOGON_FAILURE (0xC000006D) : The attempted logon is invalid. This is either due to a bad username or authentication information."}
2025-06-22 21:06:19 [ERROR]: 浏览文件失败 {"shareId":"4","originalPath":"/","decodedPath":"/","error":"无法浏览SMB目录: SMB错误: STATUS_LOGON_FAILURE (0xC000006D) : The attempted logon is invalid. This is either due to a bad username or authentication information."}
2025-06-22 21:06:19 [ERROR]: 浏览SMB目录失败 {"remotePath":"/","error":"SMB错误: STATUS_LOGON_FAILURE (0xC000006D) : The attempted logon is invalid. This is either due to a bad username or authentication information."}
2025-06-22 21:06:19 [ERROR]: 浏览文件失败 {"shareId":"4","originalPath":"/","decodedPath":"/","error":"无法浏览SMB目录: SMB错误: STATUS_LOGON_FAILURE (0xC000006D) : The attempted logon is invalid. This is either due to a bad username or authentication information."}
2025-06-22 21:06:19 [ERROR]: 浏览SMB目录失败 {"remotePath":"/","error":"SMB错误: STATUS_LOGON_FAILURE (0xC000006D) : The attempted logon is invalid. This is either due to a bad username or authentication information."}
2025-06-22 21:06:19 [ERROR]: 浏览文件失败 {"shareId":"4","originalPath":"/","decodedPath":"/","error":"无法浏览SMB目录: SMB错误: STATUS_LOGON_FAILURE (0xC000006D) : The attempted logon is invalid. This is either due to a bad username or authentication information."}
2025-06-22 21:06:29 [ERROR]: 浏览SMB目录失败 {"remotePath":"/","error":"SMB错误: STATUS_LOGON_FAILURE (0xC000006D) : The attempted logon is invalid. This is either due to a bad username or authentication information."}
2025-06-22 21:06:29 [ERROR]: 浏览文件失败 {"shareId":"4","originalPath":"/","decodedPath":"/","error":"无法浏览SMB目录: SMB错误: STATUS_LOGON_FAILURE (0xC000006D) : The attempted logon is invalid. This is either due to a bad username or authentication information."}
2025-06-22 21:06:30 [ERROR]: 浏览SMB目录失败 {"remotePath":"/","error":"SMB错误: STATUS_LOGON_FAILURE (0xC000006D) : The attempted logon is invalid. This is either due to a bad username or authentication information."}
2025-06-22 21:06:30 [ERROR]: 浏览文件失败 {"shareId":"4","originalPath":"/","decodedPath":"/","error":"无法浏览SMB目录: SMB错误: STATUS_LOGON_FAILURE (0xC000006D) : The attempted logon is invalid. This is either due to a bad username or authentication information."}
2025-06-22 21:06:30 [ERROR]: 浏览SMB目录失败 {"remotePath":"/","error":"SMB错误: STATUS_LOGON_FAILURE (0xC000006D) : The attempted logon is invalid. This is either due to a bad username or authentication information."}
2025-06-22 21:06:30 [ERROR]: 浏览文件失败 {"shareId":"4","originalPath":"/","decodedPath":"/","error":"无法浏览SMB目录: SMB错误: STATUS_LOGON_FAILURE (0xC000006D) : The attempted logon is invalid. This is either due to a bad username or authentication information."}
2025-06-22 21:07:33 [ERROR]: 浏览SMB目录失败 {"remotePath":"/","error":"SMB错误: STATUS_LOGON_FAILURE (0xC000006D) : The attempted logon is invalid. This is either due to a bad username or authentication information."}
2025-06-22 21:07:33 [ERROR]: 浏览文件失败 {"shareId":"4","originalPath":"/","decodedPath":"/","error":"无法浏览SMB目录: SMB错误: STATUS_LOGON_FAILURE (0xC000006D) : The attempted logon is invalid. This is either due to a bad username or authentication information."}
2025-06-22 21:07:56 [ERROR]: 浏览SMB目录失败 {"remotePath":"/","error":"SMB错误: STATUS_LOGON_FAILURE (0xC000006D) : The attempted logon is invalid. This is either due to a bad username or authentication information."}
2025-06-22 21:07:56 [ERROR]: 浏览文件失败 {"shareId":"4","originalPath":"/","decodedPath":"/","error":"无法浏览SMB目录: SMB错误: STATUS_LOGON_FAILURE (0xC000006D) : The attempted logon is invalid. This is either due to a bad username or authentication information."}
2025-06-22 21:07:56 [ERROR]: 浏览SMB目录失败 {"remotePath":"/","error":"SMB错误: STATUS_LOGON_FAILURE (0xC000006D) : The attempted logon is invalid. This is either due to a bad username or authentication information."}
2025-06-22 21:07:56 [ERROR]: 浏览文件失败 {"shareId":"4","originalPath":"/","decodedPath":"/","error":"无法浏览SMB目录: SMB错误: STATUS_LOGON_FAILURE (0xC000006D) : The attempted logon is invalid. This is either due to a bad username or authentication information."}
2025-06-22 21:08:09 [ERROR]: 浏览SMB目录失败 {"remotePath":"/","error":"SMB错误: STATUS_LOGON_FAILURE (0xC000006D) : The attempted logon is invalid. This is either due to a bad username or authentication information."}
2025-06-22 21:08:09 [ERROR]: 浏览文件失败 {"shareId":"4","originalPath":"/","decodedPath":"/","error":"无法浏览SMB目录: SMB错误: STATUS_LOGON_FAILURE (0xC000006D) : The attempted logon is invalid. This is either due to a bad username or authentication information."}
2025-06-22 21:08:10 [ERROR]: 浏览SMB目录失败 {"remotePath":"/","error":"SMB错误: STATUS_LOGON_FAILURE (0xC000006D) : The attempted logon is invalid. This is either due to a bad username or authentication information."}
2025-06-22 21:08:10 [ERROR]: 浏览文件失败 {"shareId":"4","originalPath":"/","decodedPath":"/","error":"无法浏览SMB目录: SMB错误: STATUS_LOGON_FAILURE (0xC000006D) : The attempted logon is invalid. This is either due to a bad username or authentication information."}
2025-06-22 21:08:11 [ERROR]: 浏览SMB目录失败 {"remotePath":"/","error":"SMB错误: STATUS_LOGON_FAILURE (0xC000006D) : The attempted logon is invalid. This is either due to a bad username or authentication information."}
2025-06-22 21:08:11 [ERROR]: 浏览文件失败 {"shareId":"4","originalPath":"/","decodedPath":"/","error":"无法浏览SMB目录: SMB错误: STATUS_LOGON_FAILURE (0xC000006D) : The attempted logon is invalid. This is either due to a bad username or authentication information."}
2025-06-22 21:08:11 [ERROR]: 浏览SMB目录失败 {"remotePath":"/","error":"SMB错误: STATUS_LOGON_FAILURE (0xC000006D) : The attempted logon is invalid. This is either due to a bad username or authentication information."}
2025-06-22 21:08:11 [ERROR]: 浏览文件失败 {"shareId":"4","originalPath":"/","decodedPath":"/","error":"无法浏览SMB目录: SMB错误: STATUS_LOGON_FAILURE (0xC000006D) : The attempted logon is invalid. This is either due to a bad username or authentication information."}
2025-06-22 21:08:11 [ERROR]: 浏览SMB目录失败 {"remotePath":"/","error":"SMB错误: STATUS_LOGON_FAILURE (0xC000006D) : The attempted logon is invalid. This is either due to a bad username or authentication information."}
2025-06-22 21:08:11 [ERROR]: 浏览文件失败 {"shareId":"4","originalPath":"/","decodedPath":"/","error":"无法浏览SMB目录: SMB错误: STATUS_LOGON_FAILURE (0xC000006D) : The attempted logon is invalid. This is either due to a bad username or authentication information."}
2025-06-22 21:08:11 [ERROR]: 浏览SMB目录失败 {"remotePath":"/","error":"SMB错误: STATUS_LOGON_FAILURE (0xC000006D) : The attempted logon is invalid. This is either due to a bad username or authentication information."}
2025-06-22 21:08:11 [ERROR]: 浏览文件失败 {"shareId":"4","originalPath":"/","decodedPath":"/","error":"无法浏览SMB目录: SMB错误: STATUS_LOGON_FAILURE (0xC000006D) : The attempted logon is invalid. This is either due to a bad username or authentication information."}
2025-06-22 21:08:23 [ERROR]: 浏览SMB目录失败 {"remotePath":"/","error":"SMB错误: STATUS_LOGON_FAILURE (0xC000006D) : The attempted logon is invalid. This is either due to a bad username or authentication information."}
2025-06-22 21:08:23 [ERROR]: 浏览文件失败 {"shareId":"4","originalPath":"/","decodedPath":"/","error":"无法浏览SMB目录: SMB错误: STATUS_LOGON_FAILURE (0xC000006D) : The attempted logon is invalid. This is either due to a bad username or authentication information."}
2025-06-22 21:08:23 [ERROR]: 浏览SMB目录失败 {"remotePath":"/","error":"SMB错误: STATUS_LOGON_FAILURE (0xC000006D) : The attempted logon is invalid. This is either due to a bad username or authentication information."}
2025-06-22 21:08:23 [ERROR]: 浏览文件失败 {"shareId":"4","originalPath":"/","decodedPath":"/","error":"无法浏览SMB目录: SMB错误: STATUS_LOGON_FAILURE (0xC000006D) : The attempted logon is invalid. This is either due to a bad username or authentication information."}
2025-06-22 21:08:25 [ERROR]: 浏览SMB目录失败 {"remotePath":"/","error":"SMB错误: STATUS_LOGON_FAILURE (0xC000006D) : The attempted logon is invalid. This is either due to a bad username or authentication information."}
2025-06-22 21:08:25 [ERROR]: 浏览文件失败 {"shareId":"4","originalPath":"/","decodedPath":"/","error":"无法浏览SMB目录: SMB错误: STATUS_LOGON_FAILURE (0xC000006D) : The attempted logon is invalid. This is either due to a bad username or authentication information."}
2025-06-22 21:08:26 [ERROR]: 浏览SMB目录失败 {"remotePath":"/","error":"SMB错误: STATUS_LOGON_FAILURE (0xC000006D) : The attempted logon is invalid. This is either due to a bad username or authentication information."}
2025-06-22 21:08:26 [ERROR]: 浏览文件失败 {"shareId":"4","originalPath":"/","decodedPath":"/","error":"无法浏览SMB目录: SMB错误: STATUS_LOGON_FAILURE (0xC000006D) : The attempted logon is invalid. This is either due to a bad username or authentication information."}
2025-06-22 21:08:26 [ERROR]: 浏览SMB目录失败 {"remotePath":"/","error":"SMB错误: STATUS_LOGON_FAILURE (0xC000006D) : The attempted logon is invalid. This is either due to a bad username or authentication information."}
2025-06-22 21:08:26 [ERROR]: 浏览文件失败 {"shareId":"4","originalPath":"/","decodedPath":"/","error":"无法浏览SMB目录: SMB错误: STATUS_LOGON_FAILURE (0xC000006D) : The attempted logon is invalid. This is either due to a bad username or authentication information."}
2025-06-22 21:08:50 [ERROR]: 浏览SMB目录失败 {"remotePath":"/","error":"SMB错误: STATUS_LOGON_FAILURE (0xC000006D) : The attempted logon is invalid. This is either due to a bad username or authentication information."}
2025-06-22 21:08:50 [ERROR]: 浏览文件失败 {"shareId":"4","originalPath":"/","decodedPath":"/","error":"无法浏览SMB目录: SMB错误: STATUS_LOGON_FAILURE (0xC000006D) : The attempted logon is invalid. This is either due to a bad username or authentication information."}
2025-06-22 21:08:51 [ERROR]: 浏览SMB目录失败 {"remotePath":"/","error":"SMB错误: STATUS_LOGON_FAILURE (0xC000006D) : The attempted logon is invalid. This is either due to a bad username or authentication information."}
2025-06-22 21:08:51 [ERROR]: 浏览文件失败 {"shareId":"4","originalPath":"/","decodedPath":"/","error":"无法浏览SMB目录: SMB错误: STATUS_LOGON_FAILURE (0xC000006D) : The attempted logon is invalid. This is either due to a bad username or authentication information."}
2025-06-22 21:08:58 [ERROR]: 浏览SMB目录失败 {"remotePath":"/","error":"SMB错误: STATUS_LOGON_FAILURE (0xC000006D) : The attempted logon is invalid. This is either due to a bad username or authentication information."}
2025-06-22 21:08:58 [ERROR]: 浏览文件失败 {"shareId":"4","originalPath":"/","decodedPath":"/","error":"无法浏览SMB目录: SMB错误: STATUS_LOGON_FAILURE (0xC000006D) : The attempted logon is invalid. This is either due to a bad username or authentication information."}
2025-06-22 21:08:58 [ERROR]: 浏览SMB目录失败 {"remotePath":"/","error":"SMB错误: STATUS_LOGON_FAILURE (0xC000006D) : The attempted logon is invalid. This is either due to a bad username or authentication information."}
2025-06-22 21:08:58 [ERROR]: 浏览文件失败 {"shareId":"4","originalPath":"/","decodedPath":"/","error":"无法浏览SMB目录: SMB错误: STATUS_LOGON_FAILURE (0xC000006D) : The attempted logon is invalid. This is either due to a bad username or authentication information."}
2025-06-22 21:09:40 [ERROR]: 浏览SMB目录失败 {"remotePath":"/","error":"SMB错误: STATUS_LOGON_FAILURE (0xC000006D) : The attempted logon is invalid. This is either due to a bad username or authentication information."}
2025-06-22 21:09:40 [ERROR]: 浏览文件失败 {"shareId":"4","originalPath":"/","decodedPath":"/","error":"无法浏览SMB目录: SMB错误: STATUS_LOGON_FAILURE (0xC000006D) : The attempted logon is invalid. This is either due to a bad username or authentication information."}
2025-06-22 21:09:40 [ERROR]: 浏览SMB目录失败 {"remotePath":"/","error":"SMB错误: STATUS_LOGON_FAILURE (0xC000006D) : The attempted logon is invalid. This is either due to a bad username or authentication information."}
2025-06-22 21:09:40 [ERROR]: 浏览文件失败 {"shareId":"4","originalPath":"/","decodedPath":"/","error":"无法浏览SMB目录: SMB错误: STATUS_LOGON_FAILURE (0xC000006D) : The attempted logon is invalid. This is either due to a bad username or authentication information."}
2025-06-22 21:09:43 [ERROR]: 浏览SMB目录失败 {"remotePath":"/","error":"SMB错误: STATUS_LOGON_FAILURE (0xC000006D) : The attempted logon is invalid. This is either due to a bad username or authentication information."}
2025-06-22 21:09:43 [ERROR]: 浏览文件失败 {"shareId":"4","originalPath":"/","decodedPath":"/","error":"无法浏览SMB目录: SMB错误: STATUS_LOGON_FAILURE (0xC000006D) : The attempted logon is invalid. This is either due to a bad username or authentication information."}
2025-06-22 21:09:43 [ERROR]: 浏览SMB目录失败 {"remotePath":"/","error":"SMB错误: STATUS_LOGON_FAILURE (0xC000006D) : The attempted logon is invalid. This is either due to a bad username or authentication information."}
2025-06-22 21:09:43 [ERROR]: 浏览文件失败 {"shareId":"4","originalPath":"/","decodedPath":"/","error":"无法浏览SMB目录: SMB错误: STATUS_LOGON_FAILURE (0xC000006D) : The attempted logon is invalid. This is either due to a bad username or authentication information."}
2025-06-22 21:09:44 [ERROR]: 浏览SMB目录失败 {"remotePath":"/","error":"SMB错误: STATUS_LOGON_FAILURE (0xC000006D) : The attempted logon is invalid. This is either due to a bad username or authentication information."}
2025-06-22 21:09:44 [ERROR]: 浏览文件失败 {"shareId":"4","originalPath":"/","decodedPath":"/","error":"无法浏览SMB目录: SMB错误: STATUS_LOGON_FAILURE (0xC000006D) : The attempted logon is invalid. This is either due to a bad username or authentication information."}
2025-06-22 21:09:45 [ERROR]: 浏览SMB目录失败 {"remotePath":"/","error":"SMB错误: STATUS_LOGON_FAILURE (0xC000006D) : The attempted logon is invalid. This is either due to a bad username or authentication information."}
2025-06-22 21:09:45 [ERROR]: 浏览文件失败 {"shareId":"4","originalPath":"/","decodedPath":"/","error":"无法浏览SMB目录: SMB错误: STATUS_LOGON_FAILURE (0xC000006D) : The attempted logon is invalid. This is either due to a bad username or authentication information."}
2025-06-22 21:10:19 [ERROR]: 浏览SMB目录失败 {"remotePath":"/","error":"SMB错误: STATUS_LOGON_FAILURE (0xC000006D) : The attempted logon is invalid. This is either due to a bad username or authentication information."}
2025-06-22 21:10:19 [ERROR]: 浏览文件失败 {"shareId":"4","originalPath":"/","decodedPath":"/","error":"无法浏览SMB目录: SMB错误: STATUS_LOGON_FAILURE (0xC000006D) : The attempted logon is invalid. This is either due to a bad username or authentication information."}
2025-06-22 21:10:19 [ERROR]: 浏览SMB目录失败 {"remotePath":"/","error":"SMB错误: STATUS_LOGON_FAILURE (0xC000006D) : The attempted logon is invalid. This is either due to a bad username or authentication information."}
2025-06-22 21:10:19 [ERROR]: 浏览文件失败 {"shareId":"4","originalPath":"/","decodedPath":"/","error":"无法浏览SMB目录: SMB错误: STATUS_LOGON_FAILURE (0xC000006D) : The attempted logon is invalid. This is either due to a bad username or authentication information."}
2025-06-22 21:10:21 [ERROR]: 浏览SMB目录失败 {"remotePath":"/","error":"SMB错误: STATUS_LOGON_FAILURE (0xC000006D) : The attempted logon is invalid. This is either due to a bad username or authentication information."}
2025-06-22 21:10:21 [ERROR]: 浏览文件失败 {"shareId":"4","originalPath":"/","decodedPath":"/","error":"无法浏览SMB目录: SMB错误: STATUS_LOGON_FAILURE (0xC000006D) : The attempted logon is invalid. This is either due to a bad username or authentication information."}
2025-06-22 21:10:21 [ERROR]: 浏览SMB目录失败 {"remotePath":"/","error":"SMB错误: STATUS_LOGON_FAILURE (0xC000006D) : The attempted logon is invalid. This is either due to a bad username or authentication information."}
2025-06-22 21:10:21 [ERROR]: 浏览文件失败 {"shareId":"4","originalPath":"/","decodedPath":"/","error":"无法浏览SMB目录: SMB错误: STATUS_LOGON_FAILURE (0xC000006D) : The attempted logon is invalid. This is either due to a bad username or authentication information."}
2025-06-22 21:32:01 [ERROR]: 浏览SMB目录失败 {"remotePath":"/","error":"SMB错误: STATUS_LOGON_FAILURE (0xC000006D) : The attempted logon is invalid. This is either due to a bad username or authentication information."}
2025-06-22 21:32:01 [ERROR]: 浏览文件失败 {"shareId":"4","originalPath":"/","decodedPath":"/","error":"无法浏览SMB目录: SMB错误: STATUS_LOGON_FAILURE (0xC000006D) : The attempted logon is invalid. This is either due to a bad username or authentication information."}
2025-06-22 21:32:01 [ERROR]: 浏览SMB目录失败 {"remotePath":"/","error":"SMB错误: STATUS_LOGON_FAILURE (0xC000006D) : The attempted logon is invalid. This is either due to a bad username or authentication information."}
2025-06-22 21:32:01 [ERROR]: 浏览文件失败 {"shareId":"4","originalPath":"/","decodedPath":"/","error":"无法浏览SMB目录: SMB错误: STATUS_LOGON_FAILURE (0xC000006D) : The attempted logon is invalid. This is either due to a bad username or authentication information."}
2025-06-22 21:32:01 [ERROR]: 浏览SMB目录失败 {"remotePath":"/","error":"SMB错误: STATUS_LOGON_FAILURE (0xC000006D) : The attempted logon is invalid. This is either due to a bad username or authentication information."}
2025-06-22 21:32:01 [ERROR]: 浏览文件失败 {"shareId":"4","originalPath":"/","decodedPath":"/","error":"无法浏览SMB目录: SMB错误: STATUS_LOGON_FAILURE (0xC000006D) : The attempted logon is invalid. This is either due to a bad username or authentication information."}
2025-06-22 21:32:07 [ERROR]: 浏览SMB目录失败 {"remotePath":"/","error":"SMB错误: STATUS_LOGON_FAILURE (0xC000006D) : The attempted logon is invalid. This is either due to a bad username or authentication information."}
2025-06-22 21:32:07 [ERROR]: 浏览文件失败 {"shareId":"4","originalPath":"/","decodedPath":"/","error":"无法浏览SMB目录: SMB错误: STATUS_LOGON_FAILURE (0xC000006D) : The attempted logon is invalid. This is either due to a bad username or authentication information."}
2025-06-22 21:32:07 [ERROR]: 浏览SMB目录失败 {"remotePath":"/","error":"SMB错误: STATUS_LOGON_FAILURE (0xC000006D) : The attempted logon is invalid. This is either due to a bad username or authentication information."}
2025-06-22 21:32:07 [ERROR]: 浏览文件失败 {"shareId":"4","originalPath":"/","decodedPath":"/","error":"无法浏览SMB目录: SMB错误: STATUS_LOGON_FAILURE (0xC000006D) : The attempted logon is invalid. This is either due to a bad username or authentication information."}
2025-06-22 21:32:08 [ERROR]: 浏览SMB目录失败 {"remotePath":"/","error":"SMB错误: STATUS_LOGON_FAILURE (0xC000006D) : The attempted logon is invalid. This is either due to a bad username or authentication information."}
2025-06-22 21:32:08 [ERROR]: 浏览文件失败 {"shareId":"4","originalPath":"/","decodedPath":"/","error":"无法浏览SMB目录: SMB错误: STATUS_LOGON_FAILURE (0xC000006D) : The attempted logon is invalid. This is either due to a bad username or authentication information."}
2025-06-22 21:32:14 [ERROR]: 浏览SMB目录失败 {"remotePath":"/","error":"SMB错误: STATUS_LOGON_FAILURE (0xC000006D) : The attempted logon is invalid. This is either due to a bad username or authentication information."}
2025-06-22 21:32:14 [ERROR]: 浏览文件失败 {"shareId":"4","originalPath":"/","decodedPath":"/","error":"无法浏览SMB目录: SMB错误: STATUS_LOGON_FAILURE (0xC000006D) : The attempted logon is invalid. This is either due to a bad username or authentication information."}
2025-06-22 21:32:14 [ERROR]: 浏览SMB目录失败 {"remotePath":"/","error":"SMB错误: STATUS_LOGON_FAILURE (0xC000006D) : The attempted logon is invalid. This is either due to a bad username or authentication information."}
2025-06-22 21:32:14 [ERROR]: 浏览文件失败 {"shareId":"4","originalPath":"/","decodedPath":"/","error":"无法浏览SMB目录: SMB错误: STATUS_LOGON_FAILURE (0xC000006D) : The attempted logon is invalid. This is either due to a bad username or authentication information."}
2025-06-22 21:32:14 [ERROR]: 浏览SMB目录失败 {"remotePath":"/","error":"SMB错误: STATUS_LOGON_FAILURE (0xC000006D) : The attempted logon is invalid. This is either due to a bad username or authentication information."}
2025-06-22 21:32:14 [ERROR]: 浏览文件失败 {"shareId":"4","originalPath":"/","decodedPath":"/","error":"无法浏览SMB目录: SMB错误: STATUS_LOGON_FAILURE (0xC000006D) : The attempted logon is invalid. This is either due to a bad username or authentication information."}
2025-06-22 21:35:11 [ERROR]: 加载缓存失败 {"error":"this.db.query is not a function"}
2025-06-22 21:35:13 [ERROR]: 加载缓存失败 {"error":"this.db.query is not a function"}
2025-06-22 21:36:00 [ERROR]: 加载缓存失败 {"error":"this.db.query is not a function"}
2025-06-22 21:36:15 [ERROR]: 加载缓存失败 {"error":"this.db.query is not a function"}
2025-06-22 21:36:18 [ERROR]: 加载缓存失败 {"error":"this.db.query is not a function"}
2025-06-22 21:48:01 [ERROR]: 浏览SMB目录失败 {"remotePath":"/","error":"SMB错误: STATUS_LOGON_FAILURE (0xC000006D) : The attempted logon is invalid. This is either due to a bad username or authentication information."}
2025-06-22 21:48:01 [ERROR]: 浏览文件失败 {"shareId":"4","originalPath":"/","decodedPath":"/","error":"无法浏览SMB目录: SMB错误: STATUS_LOGON_FAILURE (0xC000006D) : The attempted logon is invalid. This is either due to a bad username or authentication information."}
2025-06-22 21:48:01 [ERROR]: 浏览SMB目录失败 {"remotePath":"/","error":"SMB错误: STATUS_LOGON_FAILURE (0xC000006D) : The attempted logon is invalid. This is either due to a bad username or authentication information."}
2025-06-22 21:48:01 [ERROR]: 浏览文件失败 {"shareId":"4","originalPath":"/","decodedPath":"/","error":"无法浏览SMB目录: SMB错误: STATUS_LOGON_FAILURE (0xC000006D) : The attempted logon is invalid. This is either due to a bad username or authentication information."}
2025-06-22 21:48:01 [ERROR]: 浏览SMB目录失败 {"remotePath":"/","error":"SMB错误: STATUS_LOGON_FAILURE (0xC000006D) : The attempted logon is invalid. This is either due to a bad username or authentication information."}
2025-06-22 21:48:01 [ERROR]: 浏览文件失败 {"shareId":"4","originalPath":"/","decodedPath":"/","error":"无法浏览SMB目录: SMB错误: STATUS_LOGON_FAILURE (0xC000006D) : The attempted logon is invalid. This is either due to a bad username or authentication information."}
2025-06-22 21:48:18 [ERROR]: 浏览SMB目录失败 {"remotePath":"/","error":"SMB错误: STATUS_LOGON_FAILURE (0xC000006D) : The attempted logon is invalid. This is either due to a bad username or authentication information."}
2025-06-22 21:48:18 [ERROR]: 浏览文件失败 {"shareId":"4","originalPath":"/","decodedPath":"/","error":"无法浏览SMB目录: SMB错误: STATUS_LOGON_FAILURE (0xC000006D) : The attempted logon is invalid. This is either due to a bad username or authentication information."}
2025-06-22 21:48:18 [ERROR]: 浏览SMB目录失败 {"remotePath":"/","error":"SMB错误: STATUS_LOGON_FAILURE (0xC000006D) : The attempted logon is invalid. This is either due to a bad username or authentication information."}
2025-06-22 21:48:18 [ERROR]: 浏览文件失败 {"shareId":"4","originalPath":"/","decodedPath":"/","error":"无法浏览SMB目录: SMB错误: STATUS_LOGON_FAILURE (0xC000006D) : The attempted logon is invalid. This is either due to a bad username or authentication information."}
2025-06-22 21:48:19 [ERROR]: 浏览SMB目录失败 {"remotePath":"/","error":"SMB错误: STATUS_LOGON_FAILURE (0xC000006D) : The attempted logon is invalid. This is either due to a bad username or authentication information."}
2025-06-22 21:48:19 [ERROR]: 浏览文件失败 {"shareId":"4","originalPath":"/","decodedPath":"/","error":"无法浏览SMB目录: SMB错误: STATUS_LOGON_FAILURE (0xC000006D) : The attempted logon is invalid. This is either due to a bad username or authentication information."}
2025-06-22 21:49:40 [ERROR]: 加载缓存失败 {"error":"this.db.query is not a function"}
2025-06-22 21:49:43 [ERROR]: 加载缓存失败 {"error":"this.db.query is not a function"}
2025-06-22 21:49:58 [ERROR]: 加载缓存失败 {"error":"this.db.query is not a function"}
2025-06-22 21:50:00 [ERROR]: 加载缓存失败 {"error":"this.db.query is not a function"}
2025-06-22 21:50:14 [ERROR]: 加载缓存失败 {"error":"this.db.query is not a function"}
2025-06-22 21:50:15 [ERROR]: 加载缓存失败 {"error":"this.db.query is not a function"}
2025-06-22 21:52:39 [ERROR]: 加载缓存失败 {"error":"this.db.query is not a function"}
2025-06-22 21:52:58 [ERROR]: 加载缓存失败 {"error":"this.db.query is not a function"}
2025-06-22 21:52:59 [ERROR]: 加载缓存失败 {"error":"this.db.query is not a function"}
2025-06-22 21:53:28 [ERROR]: 加载缓存失败 {"error":"this.db.query is not a function"}
2025-06-22 21:53:37 [ERROR]: 加载缓存失败 {"error":"this.db.query is not a function"}
2025-06-22 21:53:39 [ERROR]: 加载缓存失败 {"error":"this.db.query is not a function"}
2025-06-22 21:54:00 [ERROR]: 浏览SMB目录失败 {"remotePath":"/","error":"SMB错误: STATUS_LOGON_FAILURE (0xC000006D) : The attempted logon is invalid. This is either due to a bad username or authentication information."}
2025-06-22 21:54:00 [ERROR]: 浏览文件失败 {"shareId":"4","originalPath":"/","decodedPath":"/","error":"无法浏览SMB目录: SMB错误: STATUS_LOGON_FAILURE (0xC000006D) : The attempted logon is invalid. This is either due to a bad username or authentication information."}
2025-06-22 21:54:09 [ERROR]: 浏览SMB目录失败 {"remotePath":"/","error":"SMB错误: STATUS_LOGON_FAILURE (0xC000006D) : The attempted logon is invalid. This is either due to a bad username or authentication information."}
2025-06-22 21:54:09 [ERROR]: 浏览文件失败 {"shareId":"4","originalPath":"/","decodedPath":"/","error":"无法浏览SMB目录: SMB错误: STATUS_LOGON_FAILURE (0xC000006D) : The attempted logon is invalid. This is either due to a bad username or authentication information."}
2025-06-22 21:54:18 [ERROR]: 浏览SMB目录失败 {"remotePath":"/","error":"SMB错误: STATUS_LOGON_FAILURE (0xC000006D) : The attempted logon is invalid. This is either due to a bad username or authentication information."}
2025-06-22 21:54:18 [ERROR]: 浏览文件失败 {"shareId":"4","originalPath":"/","decodedPath":"/","error":"无法浏览SMB目录: SMB错误: STATUS_LOGON_FAILURE (0xC000006D) : The attempted logon is invalid. This is either due to a bad username or authentication information."}
2025-06-22 22:36:59 [ERROR]: 浏览SMB目录失败 {"remotePath":"/","error":"SMB错误: STATUS_LOGON_FAILURE (0xC000006D) : The attempted logon is invalid. This is either due to a bad username or authentication information."}
2025-06-22 22:36:59 [ERROR]: 浏览文件失败 {"shareId":"4","originalPath":"/","decodedPath":"/","error":"无法浏览SMB目录: SMB错误: STATUS_LOGON_FAILURE (0xC000006D) : The attempted logon is invalid. This is either due to a bad username or authentication information."}
2025-06-22 22:36:59 [ERROR]: 浏览SMB目录失败 {"remotePath":"/","error":"SMB错误: STATUS_LOGON_FAILURE (0xC000006D) : The attempted logon is invalid. This is either due to a bad username or authentication information."}
2025-06-22 22:36:59 [ERROR]: 浏览文件失败 {"shareId":"4","originalPath":"/","decodedPath":"/","error":"无法浏览SMB目录: SMB错误: STATUS_LOGON_FAILURE (0xC000006D) : The attempted logon is invalid. This is either due to a bad username or authentication information."}
2025-06-22 22:36:59 [ERROR]: 浏览SMB目录失败 {"remotePath":"/","error":"SMB错误: STATUS_LOGON_FAILURE (0xC000006D) : The attempted logon is invalid. This is either due to a bad username or authentication information."}
2025-06-22 22:36:59 [ERROR]: 浏览文件失败 {"shareId":"4","originalPath":"/","decodedPath":"/","error":"无法浏览SMB目录: SMB错误: STATUS_LOGON_FAILURE (0xC000006D) : The attempted logon is invalid. This is either due to a bad username or authentication information."}
2025-06-22 22:36:59 [ERROR]: 浏览SMB目录失败 {"remotePath":"/","error":"SMB错误: STATUS_LOGON_FAILURE (0xC000006D) : The attempted logon is invalid. This is either due to a bad username or authentication information."}
2025-06-22 22:36:59 [ERROR]: 浏览文件失败 {"shareId":"4","originalPath":"/","decodedPath":"/","error":"无法浏览SMB目录: SMB错误: STATUS_LOGON_FAILURE (0xC000006D) : The attempted logon is invalid. This is either due to a bad username or authentication information."}
2025-06-22 22:37:14 [ERROR]: 浏览SMB目录失败 {"remotePath":"/","error":"SMB错误: STATUS_LOGON_FAILURE (0xC000006D) : The attempted logon is invalid. This is either due to a bad username or authentication information."}
2025-06-22 22:37:14 [ERROR]: 浏览文件失败 {"shareId":"4","originalPath":"/","decodedPath":"/","error":"无法浏览SMB目录: SMB错误: STATUS_LOGON_FAILURE (0xC000006D) : The attempted logon is invalid. This is either due to a bad username or authentication information."}
2025-06-22 22:37:14 [ERROR]: 浏览SMB目录失败 {"remotePath":"/","error":"SMB错误: STATUS_LOGON_FAILURE (0xC000006D) : The attempted logon is invalid. This is either due to a bad username or authentication information."}
2025-06-22 22:37:14 [ERROR]: 浏览文件失败 {"shareId":"4","originalPath":"/","decodedPath":"/","error":"无法浏览SMB目录: SMB错误: STATUS_LOGON_FAILURE (0xC000006D) : The attempted logon is invalid. This is either due to a bad username or authentication information."}
2025-06-22 22:37:14 [ERROR]: 浏览SMB目录失败 {"remotePath":"/","error":"SMB错误: STATUS_LOGON_FAILURE (0xC000006D) : The attempted logon is invalid. This is either due to a bad username or authentication information."}
2025-06-22 22:37:14 [ERROR]: 浏览文件失败 {"shareId":"4","originalPath":"/","decodedPath":"/","error":"无法浏览SMB目录: SMB错误: STATUS_LOGON_FAILURE (0xC000006D) : The attempted logon is invalid. This is either due to a bad username or authentication information."}
2025-06-22 22:37:14 [ERROR]: 浏览SMB目录失败 {"remotePath":"/","error":"SMB错误: STATUS_LOGON_FAILURE (0xC000006D) : The attempted logon is invalid. This is either due to a bad username or authentication information."}
2025-06-22 22:37:14 [ERROR]: 浏览文件失败 {"shareId":"4","originalPath":"/","decodedPath":"/","error":"无法浏览SMB目录: SMB错误: STATUS_LOGON_FAILURE (0xC000006D) : The attempted logon is invalid. This is either due to a bad username or authentication information."}
2025-06-22 22:39:50 [ERROR]: 浏览SMB目录失败 {"remotePath":"/","error":"SMB错误: STATUS_LOGON_FAILURE (0xC000006D) : The attempted logon is invalid. This is either due to a bad username or authentication information."}
2025-06-22 22:39:50 [ERROR]: 浏览文件失败 {"shareId":"4","originalPath":"/","decodedPath":"/","error":"无法浏览SMB目录: SMB错误: STATUS_LOGON_FAILURE (0xC000006D) : The attempted logon is invalid. This is either due to a bad username or authentication information."}
2025-06-22 22:39:50 [ERROR]: 浏览SMB目录失败 {"remotePath":"/","error":"SMB错误: STATUS_LOGON_FAILURE (0xC000006D) : The attempted logon is invalid. This is either due to a bad username or authentication information."}
2025-06-22 22:39:50 [ERROR]: 浏览文件失败 {"shareId":"4","originalPath":"/","decodedPath":"/","error":"无法浏览SMB目录: SMB错误: STATUS_LOGON_FAILURE (0xC000006D) : The attempted logon is invalid. This is either due to a bad username or authentication information."}
2025-06-22 22:42:37 [ERROR]: 浏览SMB目录失败 {"remotePath":"/","error":"SMB错误: STATUS_LOGON_FAILURE (0xC000006D) : The attempted logon is invalid. This is either due to a bad username or authentication information."}
2025-06-22 22:42:37 [ERROR]: 浏览文件失败 {"shareId":"4","originalPath":"/","decodedPath":"/","error":"无法浏览SMB目录: SMB错误: STATUS_LOGON_FAILURE (0xC000006D) : The attempted logon is invalid. This is either due to a bad username or authentication information."}
2025-06-22 22:42:37 [ERROR]: 浏览SMB目录失败 {"remotePath":"/","error":"SMB错误: STATUS_LOGON_FAILURE (0xC000006D) : The attempted logon is invalid. This is either due to a bad username or authentication information."}
2025-06-22 22:42:37 [ERROR]: 浏览文件失败 {"shareId":"4","originalPath":"/","decodedPath":"/","error":"无法浏览SMB目录: SMB错误: STATUS_LOGON_FAILURE (0xC000006D) : The attempted logon is invalid. This is either due to a bad username or authentication information."}
2025-06-22 22:43:37 [ERROR]: 浏览SMB目录失败 {"remotePath":"/","error":"SMB错误: STATUS_LOGON_FAILURE (0xC000006D) : The attempted logon is invalid. This is either due to a bad username or authentication information."}
2025-06-22 22:43:37 [ERROR]: 浏览文件失败 {"shareId":"4","originalPath":"/","decodedPath":"/","error":"无法浏览SMB目录: SMB错误: STATUS_LOGON_FAILURE (0xC000006D) : The attempted logon is invalid. This is either due to a bad username or authentication information."}
2025-06-22 22:44:07 [ERROR]: 更新分享路径失败: SQLITE_ERROR: cannot start a transaction within a transaction {"errno":1,"code":"SQLITE_ERROR","__augmented":true}
Error: SQLITE_ERROR: cannot start a transaction within a transaction
--> in Statement#run([], [Function: replacement])
    at Database.<anonymous> (/Users/jackson/Documents/Code/Quick_FShare/node_modules/sqlite3/lib/sqlite3.js:76:19)
    at Database.<anonymous> (/Users/jackson/Documents/Code/Quick_FShare/node_modules/sqlite3/lib/sqlite3.js:20:19)
    at /Users/jackson/Documents/Code/Quick_FShare/backend/src/config/database.js:79:15
    at new Promise (<anonymous>)
    at DatabaseManager.run (/Users/jackson/Documents/Code/Quick_FShare/backend/src/config/database.js:78:12)
    at DatabaseManager.beginTransaction (/Users/jackson/Documents/Code/Quick_FShare/backend/src/config/database.js:96:17)
    at DatabaseManager.transaction (/Users/jackson/Documents/Code/Quick_FShare/backend/src/config/database.js:117:16)
    at /Users/jackson/Documents/Code/Quick_FShare/backend/src/controllers/shareController.js:173:36
2025-06-22 22:44:34 [ERROR]: 更新分享路径失败: SQLITE_ERROR: cannot start a transaction within a transaction {"errno":1,"code":"SQLITE_ERROR","__augmented":true}
Error: SQLITE_ERROR: cannot start a transaction within a transaction
--> in Statement#run([], [Function: replacement])
    at Database.<anonymous> (/Users/jackson/Documents/Code/Quick_FShare/node_modules/sqlite3/lib/sqlite3.js:76:19)
    at Database.<anonymous> (/Users/jackson/Documents/Code/Quick_FShare/node_modules/sqlite3/lib/sqlite3.js:20:19)
    at /Users/jackson/Documents/Code/Quick_FShare/backend/src/config/database.js:79:15
    at new Promise (<anonymous>)
    at DatabaseManager.run (/Users/jackson/Documents/Code/Quick_FShare/backend/src/config/database.js:78:12)
    at DatabaseManager.beginTransaction (/Users/jackson/Documents/Code/Quick_FShare/backend/src/config/database.js:96:17)
    at DatabaseManager.transaction (/Users/jackson/Documents/Code/Quick_FShare/backend/src/config/database.js:117:16)
    at /Users/jackson/Documents/Code/Quick_FShare/backend/src/controllers/shareController.js:173:36
2025-06-22 22:44:34 [ERROR]: 更新分享路径失败: SQLITE_ERROR: cannot start a transaction within a transaction {"errno":1,"code":"SQLITE_ERROR","__augmented":true}
Error: SQLITE_ERROR: cannot start a transaction within a transaction
--> in Statement#run([], [Function: replacement])
    at Database.<anonymous> (/Users/jackson/Documents/Code/Quick_FShare/node_modules/sqlite3/lib/sqlite3.js:76:19)
    at Database.<anonymous> (/Users/jackson/Documents/Code/Quick_FShare/node_modules/sqlite3/lib/sqlite3.js:20:19)
    at /Users/jackson/Documents/Code/Quick_FShare/backend/src/config/database.js:79:15
    at new Promise (<anonymous>)
    at DatabaseManager.run (/Users/jackson/Documents/Code/Quick_FShare/backend/src/config/database.js:78:12)
    at DatabaseManager.beginTransaction (/Users/jackson/Documents/Code/Quick_FShare/backend/src/config/database.js:96:17)
    at DatabaseManager.transaction (/Users/jackson/Documents/Code/Quick_FShare/backend/src/config/database.js:117:16)
    at /Users/jackson/Documents/Code/Quick_FShare/backend/src/controllers/shareController.js:173:36
2025-06-22 22:46:50 [ERROR]: 加载缓存失败 {"error":"this.db.query is not a function"}
2025-06-22 22:46:51 [ERROR]: 加载缓存失败 {"error":"this.db.query is not a function"}
2025-06-22 22:46:59 [ERROR]: 加载缓存失败 {"error":"this.db.query is not a function"}
2025-06-22 22:47:00 [ERROR]: 加载缓存失败 {"error":"this.db.query is not a function"}
2025-06-22 22:47:15 [ERROR]: 加载缓存失败 {"error":"this.db.query is not a function"}
2025-06-22 22:47:16 [ERROR]: 加载缓存失败 {"error":"this.db.query is not a function"}
2025-06-22 22:47:47 [ERROR]: 加载缓存失败 {"error":"this.db.query is not a function"}
2025-06-22 22:47:48 [ERROR]: 加载缓存失败 {"error":"this.db.query is not a function"}
2025-06-22 22:48:17 [ERROR]: 加载缓存失败 {"error":"this.db.query is not a function"}
2025-06-22 22:51:04 [ERROR]: 加载缓存失败 {"error":"this.db.query is not a function"}
2025-06-22 22:51:05 [ERROR]: 加载缓存失败 {"error":"this.db.query is not a function"}
2025-06-22 22:51:14 [ERROR]: 加载缓存失败 {"error":"this.db.query is not a function"}
2025-06-22 22:51:15 [ERROR]: 加载缓存失败 {"error":"this.db.query is not a function"}
2025-06-22 22:51:28 [ERROR]: 加载缓存失败 {"error":"this.db.query is not a function"}
2025-06-22 22:59:40 [ERROR]: 加载缓存失败 {"error":"this.db.query is not a function"}
2025-06-22 22:59:40 [ERROR]: 加载缓存失败 {"error":"this.db.query is not a function"}
2025-06-22 22:59:41 [ERROR]: 加载缓存失败 {"error":"this.db.query is not a function"}
2025-06-22 22:59:41 [ERROR]: 加载缓存失败 {"error":"this.db.query is not a function"}
2025-06-22 22:59:54 [ERROR]: 加载缓存失败 {"error":"this.db.query is not a function"}
2025-06-22 22:59:54 [ERROR]: 加载缓存失败 {"error":"this.db.query is not a function"}
2025-06-22 22:59:55 [ERROR]: 加载缓存失败 {"error":"this.db.query is not a function"}
2025-06-22 22:59:55 [ERROR]: 加载缓存失败 {"error":"this.db.query is not a function"}
2025-06-22 23:00:15 [ERROR]: 加载缓存失败 {"error":"this.db.query is not a function"}
2025-06-22 23:03:16 [ERROR]: 浏览SMB目录失败 {"remotePath":"/Games/COCOS/GameTest/temp/programming/packer-driver/VERSION","error":"SMB错误: STATUS_NOT_SUPPORTED (0xC00000BB) : The request is not supported."}
2025-06-22 23:03:19 [ERROR]: 浏览SMB目录失败 {"remotePath":"/Games/COCOS/GameTest/library/f1/f102759d-fcb3-4103-82e5-9a955401466a","error":"SMB错误: STATUS_NOT_SUPPORTED (0xC00000BB) : The request is not supported."}
2025-06-22 23:03:19 [ERROR]: 浏览SMB目录失败 {"remotePath":"/Games/COCOS/GameTest/library/1f/1f505ca8-b164-4d35-b697-504d100015e4","error":"SMB错误: STATUS_NOT_SUPPORTED (0xC00000BB) : The request is not supported."}
2025-06-22 23:03:19 [ERROR]: 浏览SMB目录失败 {"remotePath":"/Games/COCOS/GameTest/library/45/4584ab47-6c1b-44fc-a41d-e32ba87e9660","error":"SMB错误: STATUS_NOT_SUPPORTED (0xC00000BB) : The request is not supported."}
2025-06-22 23:03:19 [ERROR]: 浏览SMB目录失败 {"remotePath":"/Games/COCOS/GameTest/library/3e/3e7d59d5-5478-474a-bb27-6eddb22dc614","error":"SMB错误: STATUS_NOT_SUPPORTED (0xC00000BB) : The request is not supported."}
2025-06-22 23:03:19 [ERROR]: 浏览SMB目录失败 {"remotePath":"/Games/COCOS/GameTest/library/40/400f1cd3-9a46-4349-b3c1-f451e22a219b","error":"SMB错误: STATUS_NOT_SUPPORTED (0xC00000BB) : The request is not supported."}
2025-06-22 23:03:19 [ERROR]: 浏览SMB目录失败 {"remotePath":"/Games/COCOS/GameTest/library/aa/aa709c4b-426b-46f3-a856-4a0f22f52d6d","error":"SMB错误: STATUS_NOT_SUPPORTED (0xC00000BB) : The request is not supported."}
2025-06-22 23:03:30 [ERROR]: 浏览SMB目录失败 {"remotePath":"/Games/COCOS/The_Time/temp/asset-db/internal/thumbnail/b5b27ab1-e740-4398-b407-848fc2b2c897/b5b27ab1-e740-4398-b407-848fc2b2c897","error":"SMB错误: STATUS_NOT_SUPPORTED (0xC00000BB) : The request is not supported."}
2025-06-22 23:03:30 [ERROR]: 浏览SMB目录失败 {"remotePath":"/Games/COCOS/The_Time/temp/asset-db/internal/ff/ffb88a8f-af62-48f4-8f1d-3cb606443a43@f9941/15,30","error":"SMB错误: STATUS_NOT_SUPPORTED (0xC00000BB) : The request is not supported."}
2025-06-22 23:03:30 [ERROR]: 浏览SMB目录失败 {"remotePath":"/Games/COCOS/The_Time/temp/asset-db/internal/f1/f12a23c4-b924-4322-a260-3d982428f1e8@f9941/26,26","error":"SMB错误: STATUS_NOT_SUPPORTED (0xC00000BB) : The request is not supported."}
2025-06-22 23:03:31 [ERROR]: 浏览SMB目录失败 {"remotePath":"/Games/COCOS/The_Time/temp/asset-db/internal/c9/c903a495-69a9-4bb1-8266-c5d8a692ee6f@f9941/128,128","error":"SMB错误: STATUS_NOT_SUPPORTED (0xC00000BB) : The request is not supported."}
2025-06-22 23:03:31 [ERROR]: 浏览SMB目录失败 {"remotePath":"/Games/COCOS/The_Time/temp/asset-db/internal/bd/bd1bcaba-bd7d-4a71-b143-997c882383e4@f9941/40,40","error":"SMB错误: STATUS_NOT_SUPPORTED (0xC00000BB) : The request is not supported."}
2025-06-22 23:03:31 [ERROR]: 浏览SMB目录失败 {"remotePath":"/Games/COCOS/The_Time/temp/asset-db/internal/b7/b730527c-3233-41c2-aaf7-7cdab58f9749@f9941/20,20","error":"SMB错误: STATUS_NOT_SUPPORTED (0xC00000BB) : The request is not supported."}
2025-06-22 23:03:31 [ERROR]: 浏览SMB目录失败 {"remotePath":"/Games/COCOS/The_Time/temp/asset-db/internal/af/afc47931-f066-46b0-90be-9fe61f213428@f9941/15,30","error":"SMB错误: STATUS_NOT_SUPPORTED (0xC00000BB) : The request is not supported."}
2025-06-22 23:03:31 [ERROR]: 浏览SMB目录失败 {"remotePath":"/Games/COCOS/The_Time/temp/asset-db/internal/ac/ac74fa2b-1f5b-4ff5-a3f0-f127f4483e91@f9941/44,49","error":"SMB错误: STATUS_NOT_SUPPORTED (0xC00000BB) : The request is not supported."}
2025-06-22 23:03:32 [ERROR]: 浏览SMB目录失败 {"remotePath":"/Games/COCOS/The_Time/temp/asset-db/internal/a0/a04e994f-ee49-47b6-9d08-2f59e3773fcc@f9941/28,28","error":"SMB错误: STATUS_NOT_SUPPORTED (0xC00000BB) : The request is not supported."}
2025-06-22 23:03:32 [ERROR]: 浏览SMB目录失败 {"remotePath":"/Games/COCOS/The_Time/temp/asset-db/internal/9f/9fd900dd-221b-4f89-8f2c-fba34243c835@f9941/60,15","error":"SMB错误: STATUS_NOT_SUPPORTED (0xC00000BB) : The request is not supported."}
2025-06-22 23:03:32 [ERROR]: 浏览SMB目录失败 {"remotePath":"/Games/COCOS/The_Time/temp/asset-db/internal/95/951249e0-9f16-456d-8b85-a6ca954da16b@f9941/40,40","error":"SMB错误: STATUS_NOT_SUPPORTED (0xC00000BB) : The request is not supported."}
2025-06-22 23:03:32 [ERROR]: 浏览SMB目录失败 {"remotePath":"/Games/COCOS/The_Time/temp/asset-db/internal/7d/7d8f9b89-4fd1-4c9f-a3ab-38ec7cded7ca@f9941/2,2","error":"SMB错误: STATUS_NOT_SUPPORTED (0xC00000BB) : The request is not supported."}
2025-06-22 23:03:32 [ERROR]: 浏览SMB目录失败 {"remotePath":"/Games/COCOS/The_Time/temp/asset-db/internal/7b/7b5313d0-f1aa-4b1b-a3c8-59d523c35301@f9941/43,49","error":"SMB错误: STATUS_NOT_SUPPORTED (0xC00000BB) : The request is not supported."}
2025-06-22 23:03:32 [ERROR]: 浏览SMB目录失败 {"remotePath":"/Games/COCOS/The_Time/temp/asset-db/internal/74/744d520a-8483-4fbc-a47b-ab57d28d6203@f9941/128,128","error":"SMB错误: STATUS_NOT_SUPPORTED (0xC00000BB) : The request is not supported."}
2025-06-22 23:03:33 [ERROR]: 浏览SMB目录失败 {"remotePath":"/Games/COCOS/The_Time/temp/asset-db/internal/57/57520716-48c8-4a19-8acf-41c9f8777fb0@f9941/40,36","error":"SMB错误: STATUS_NOT_SUPPORTED (0xC00000BB) : The request is not supported."}
2025-06-22 23:03:33 [ERROR]: 浏览SMB目录失败 {"remotePath":"/Games/COCOS/The_Time/temp/asset-db/internal/54/544e49d6-3f05-4fa8-9a9e-091f98fc2ce8@f9941/40,40","error":"SMB错误: STATUS_NOT_SUPPORTED (0xC00000BB) : The request is not supported."}
2025-06-22 23:03:33 [ERROR]: 浏览SMB目录失败 {"remotePath":"/Games/COCOS/The_Time/temp/asset-db/internal/45/45828f25-b50d-4c52-a591-e19491a62b8c@f9941/30,30","error":"SMB错误: STATUS_NOT_SUPPORTED (0xC00000BB) : The request is not supported."}
2025-06-22 23:03:33 [ERROR]: 浏览SMB目录失败 {"remotePath":"/Games/COCOS/The_Time/temp/asset-db/internal/38/389d5fee-e29c-4221-b397-a4934a0a5694@f9941/38,49","error":"SMB错误: STATUS_NOT_SUPPORTED (0xC00000BB) : The request is not supported."}
2025-06-22 23:03:33 [ERROR]: 浏览SMB目录失败 {"remotePath":"/Games/COCOS/The_Time/temp/asset-db/internal/35/35ac62e8-0b7a-4367-970d-dfdfbdd023c6@f9941/128,128","error":"SMB错误: STATUS_NOT_SUPPORTED (0xC00000BB) : The request is not supported."}
2025-06-22 23:03:33 [ERROR]: 浏览SMB目录失败 {"remotePath":"/Games/COCOS/The_Time/temp/asset-db/internal/28/28765e2f-040a-4c65-8e8c-f9d0bb79d863@f9941/30,15","error":"SMB错误: STATUS_NOT_SUPPORTED (0xC00000BB) : The request is not supported."}
2025-06-22 23:03:33 [ERROR]: 浏览SMB目录失败 {"remotePath":"/Games/COCOS/The_Time/temp/asset-db/internal/24/24c419ea-63a8-4ea1-a9d0-7fc469489bbc@f9941/31,31","error":"SMB错误: STATUS_NOT_SUPPORTED (0xC00000BB) : The request is not supported."}
2025-06-22 23:03:34 [ERROR]: 浏览SMB目录失败 {"remotePath":"/Games/COCOS/The_Time/temp/asset-db/internal/24/24a704da-2867-446d-8d1a-5e920c75e09d@f9941/30,15","error":"SMB错误: STATUS_NOT_SUPPORTED (0xC00000BB) : The request is not supported."}
2025-06-22 23:03:34 [ERROR]: 浏览SMB目录失败 {"remotePath":"/Games/COCOS/The_Time/temp/asset-db/internal/20/20835ba4-6145-4fbc-a58a-051ce700aa3e@f9941/40,40","error":"SMB错误: STATUS_NOT_SUPPORTED (0xC00000BB) : The request is not supported."}
2025-06-22 23:03:34 [ERROR]: 浏览SMB目录失败 {"remotePath":"/Games/COCOS/The_Time/temp/asset-db/internal/1a/1a8fc1a3-80e2-4d20-9087-426d2162ba44@f9941/128,128","error":"SMB错误: STATUS_NOT_SUPPORTED (0xC00000BB) : The request is not supported."}
2025-06-22 23:03:34 [ERROR]: 浏览SMB目录失败 {"remotePath":"/Games/COCOS/The_Time/temp/asset-db/internal/15/158e7e52-3220-4cd7-9694-713e0e6e8278@f9941/20,18","error":"SMB错误: STATUS_NOT_SUPPORTED (0xC00000BB) : The request is not supported."}
2025-06-22 23:03:35 [ERROR]: 浏览SMB目录失败 {"remotePath":"/Games/COCOS/The_Time/temp/asset-db/internal/11/11bdc4b0-64a8-4eb7-a2a7-9fb9e233e977@f9941/28,28","error":"SMB错误: STATUS_NOT_SUPPORTED (0xC00000BB) : The request is not supported."}
2025-06-22 23:03:35 [ERROR]: 浏览SMB目录失败 {"remotePath":"/Games/COCOS/The_Time/temp/asset-db/internal/0d/0da256a2-21f6-481b-90b6-d3643a09179b@f9941/30,15","error":"SMB错误: STATUS_NOT_SUPPORTED (0xC00000BB) : The request is not supported."}
2025-06-22 23:03:36 [ERROR]: 浏览SMB目录失败 {"remotePath":"/Games/COCOS/The_Time/library/f1/f102759d-fcb3-4103-82e5-9a955401466a","error":"SMB错误: STATUS_NOT_SUPPORTED (0xC00000BB) : The request is not supported."}
2025-06-22 23:03:36 [ERROR]: 浏览SMB目录失败 {"remotePath":"/Games/COCOS/The_Time/library/e7/e7e9f9b7-58f3-44b4-b31c-7e7b0f601e92","error":"SMB错误: STATUS_NOT_SUPPORTED (0xC00000BB) : The request is not supported."}
2025-06-22 23:03:36 [ERROR]: 浏览SMB目录失败 {"remotePath":"/Games/COCOS/The_Time/library/e2/e220b271-6a70-47c0-8d12-850150694608","error":"SMB错误: STATUS_NOT_SUPPORTED (0xC00000BB) : The request is not supported."}
2025-06-22 23:03:37 [ERROR]: 浏览SMB目录失败 {"remotePath":"/Games/COCOS/The_Time/library/e0/e0a8e34d-9242-4f0f-833b-f57e1ffbf285","error":"SMB错误: STATUS_NOT_SUPPORTED (0xC00000BB) : The request is not supported."}
2025-06-22 23:03:37 [ERROR]: 浏览SMB目录失败 {"remotePath":"/Games/COCOS/The_Time/library/d9/d9956a56-5622-44a1-8b50-42449f24ecdd","error":"SMB错误: STATUS_NOT_SUPPORTED (0xC00000BB) : The request is not supported."}
2025-06-22 23:03:37 [ERROR]: 浏览SMB目录失败 {"remotePath":"/Games/COCOS/The_Time/library/c9/c9bbaedb-125a-4942-a8eb-6952f9f2a00f","error":"SMB错误: STATUS_NOT_SUPPORTED (0xC00000BB) : The request is not supported."}
2025-06-22 23:03:37 [ERROR]: 浏览SMB目录失败 {"remotePath":"/Games/COCOS/The_Time/library/c7/c7e748e8-be82-4f6f-b2c0-085b604e40e5","error":"SMB错误: STATUS_NOT_SUPPORTED (0xC00000BB) : The request is not supported."}
2025-06-22 23:03:38 [ERROR]: 浏览SMB目录失败 {"remotePath":"/Games/COCOS/The_Time/library/c3/c3dd770e-f74d-491f-85f7-4607add32858","error":"SMB错误: STATUS_NOT_SUPPORTED (0xC00000BB) : The request is not supported."}
2025-06-22 23:03:39 [ERROR]: 浏览SMB目录失败 {"remotePath":"/Games/COCOS/The_Time/library/ad/ad05fddb-302f-40f5-81d2-27f671ddf0b6","error":"SMB错误: STATUS_NOT_SUPPORTED (0xC00000BB) : The request is not supported."}
2025-06-22 23:03:39 [ERROR]: 浏览SMB目录失败 {"remotePath":"/Games/COCOS/The_Time/library/aa/aa709c4b-426b-46f3-a856-4a0f22f52d6d","error":"SMB错误: STATUS_NOT_SUPPORTED (0xC00000BB) : The request is not supported."}
2025-06-22 23:03:40 [ERROR]: 浏览SMB目录失败 {"remotePath":"/Games/COCOS/The_Time/library/91/91d50ce0-702d-47fd-b540-447a0de3471d","error":"SMB错误: STATUS_NOT_SUPPORTED (0xC00000BB) : The request is not supported."}
2025-06-22 23:03:40 [ERROR]: 浏览SMB目录失败 {"remotePath":"/Games/COCOS/The_Time/library/8f/8f8bba83-df9c-4afe-8450-e12d0dbe71b7","error":"SMB错误: STATUS_NOT_SUPPORTED (0xC00000BB) : The request is not supported."}
2025-06-22 23:03:40 [ERROR]: 浏览SMB目录失败 {"remotePath":"/Games/COCOS/The_Time/library/8c/8c76e1e2-a206-4662-aa79-42c0c858d647","error":"SMB错误: STATUS_NOT_SUPPORTED (0xC00000BB) : The request is not supported."}
2025-06-22 23:03:40 [ERROR]: 浏览SMB目录失败 {"remotePath":"/Games/COCOS/The_Time/library/86/865b04b2-bc79-40fc-9bdf-a7557665b27c","error":"SMB错误: STATUS_NOT_SUPPORTED (0xC00000BB) : The request is not supported."}
2025-06-22 23:03:41 [ERROR]: 浏览SMB目录失败 {"remotePath":"/Games/COCOS/The_Time/library/6c/6c68ba5e-4590-4a25-bd25-430a0ebc1544","error":"SMB错误: STATUS_NOT_SUPPORTED (0xC00000BB) : The request is not supported."}
2025-06-22 23:03:42 [ERROR]: 浏览SMB目录失败 {"remotePath":"/Games/COCOS/The_Time/library/51/51840015-b47a-4103-a937-6c21a29e4410","error":"SMB错误: STATUS_NOT_SUPPORTED (0xC00000BB) : The request is not supported."}
2025-06-22 23:03:42 [ERROR]: 浏览SMB目录失败 {"remotePath":"/Games/COCOS/The_Time/library/45/4584ab47-6c1b-44fc-a41d-e32ba87e9660","error":"SMB错误: STATUS_NOT_SUPPORTED (0xC00000BB) : The request is not supported."}
2025-06-22 23:03:42 [ERROR]: 浏览SMB目录失败 {"remotePath":"/Games/COCOS/The_Time/library/40/400f1cd3-9a46-4349-b3c1-f451e22a219b","error":"SMB错误: STATUS_NOT_SUPPORTED (0xC00000BB) : The request is not supported."}
2025-06-22 23:03:43 [ERROR]: 浏览SMB目录失败 {"remotePath":"/Games/COCOS/The_Time/library/3e/3e7d59d5-5478-474a-bb27-6eddb22dc614","error":"SMB错误: STATUS_NOT_SUPPORTED (0xC00000BB) : The request is not supported."}
2025-06-22 23:03:43 [ERROR]: 浏览SMB目录失败 {"remotePath":"/Games/COCOS/The_Time/library/3b/3b7550e2-beea-4079-ad8d-dfef104086bd","error":"SMB错误: STATUS_NOT_SUPPORTED (0xC00000BB) : The request is not supported."}
2025-06-22 23:03:43 [ERROR]: 浏览SMB目录失败 {"remotePath":"/Games/COCOS/The_Time/library/2c/2c657d26-de3b-4070-9cad-2ca3a33bbd72","error":"SMB错误: STATUS_NOT_SUPPORTED (0xC00000BB) : The request is not supported."}
2025-06-22 23:03:44 [ERROR]: 浏览SMB目录失败 {"remotePath":"/Games/COCOS/The_Time/library/22/22a135d0-b2ef-4c1b-86d2-5bbbd88e4875","error":"SMB错误: STATUS_NOT_SUPPORTED (0xC00000BB) : The request is not supported."}
2025-06-22 23:03:44 [ERROR]: 浏览SMB目录失败 {"remotePath":"/Games/COCOS/The_Time/library/1f/1f505ca8-b164-4d35-b697-504d100015e4","error":"SMB错误: STATUS_NOT_SUPPORTED (0xC00000BB) : The request is not supported."}
2025-06-22 23:03:47 [ERROR]: 加载缓存失败 {"error":"this.db.query is not a function"}
2025-06-22 23:05:23 [ERROR]: 加载缓存失败 {"error":"this.db.query is not a function"}
2025-06-22 23:06:26 [ERROR]: 加载缓存失败 {"error":"this.db.query is not a function"}
